#
# There is insufficient memory for the Java Runtime Environment to continue.
# Native memory allocation (mmap) failed to map 87031808 bytes for committing reserved memory.
# Possible reasons:
#   The system is out of physical RAM or swap space
#   In 32 bit mode, the process size limit was hit
# Possible solutions:
#   Reduce memory load on the system
#   Increase physical memory or swap space
#   Check if swap backing store is full
#   Use 64 bit Java on a 64 bit OS
#   Decrease Java heap size (-Xmx/-Xms)
#   Decrease number of Java threads
#   Decrease Java thread stack sizes (-Xss)
#   Set larger code cache with -XX:ReservedCodeCacheSize=
# This output file may be truncated or incomplete.
#
#  Out of Memory Error (os_linux.cpp:2743), pid=23572, tid=0x00007f038b3a6700
#
# JRE version:  (8.0_191-b12) (build )
# Java VM: Java HotSpot(TM) 64-Bit Server VM (25.191-b12 mixed mode linux-amd64 compressed oops)
# Failed to write core dump. Core dumps have been disabled. To enable core dumping, try "ulimit -c unlimited" before starting Java again
#

---------------  T H R E A D  ---------------

Current thread (0x00007f038400c000):  JavaThread "Unknown thread" [_thread_in_vm, id=23573, stack(0x00007f038b2a7000,0x00007f038b3a7000)]

Stack: [0x00007f038b2a7000,0x00007f038b3a7000],  sp=0x00007f038b3a5580,  free space=1017k
Native frames: (J=compiled Java code, j=interpreted, Vv=VM code, C=native code)
V  [libjvm.so+0xace425]  VMError::report_and_die()+0x2c5
V  [libjvm.so+0x4deb77]  report_vm_out_of_memory(char const*, int, unsigned long, VMErrorType, char const*)+0x67
V  [libjvm.so+0x90c570]  os::pd_commit_memory(char*, unsigned long, unsigned long, bool)+0x100
V  [libjvm.so+0x903eaf]  os::commit_memory(char*, unsigned long, unsigned long, bool)+0x1f
V  [libjvm.so+0x988346]  PSVirtualSpace::expand_by(unsigned long)+0x56
V  [libjvm.so+0x98a266]  PSYoungGen::initialize(ReservedSpace, unsigned long)+0x96
V  [libjvm.so+0x2bce24]  AdjoiningGenerations::AdjoiningGenerations(ReservedSpace, GenerationSizer*, unsigned long)+0x2c4
V  [libjvm.so+0x9369d2]  ParallelScavengeHeap::initialize()+0x222
V  [libjvm.so+0xa922ba]  Universe::initialize_heap()+0x16a
V  [libjvm.so+0xa92593]  universe_init()+0x33
V  [libjvm.so+0x62f0f0]  init_globals()+0x50
V  [libjvm.so+0xa74c57]  Threads::create_vm(JavaVMInitArgs*, bool*)+0x257
V  [libjvm.so+0x6d49ff]  JNI_CreateJavaVM+0x4f
C  [libjli.so+0x7e74]  JavaMain+0x84
C  [libpthread.so.0+0x76db]  start_thread+0xdb


---------------  P R O C E S S  ---------------

Java Threads: ( => current thread )

Other Threads:

=>0x00007f038400c000 (exited) JavaThread "Unknown thread" [_thread_in_vm, id=23573, stack(0x00007f038b2a7000,0x00007f038b3a7000)]

VM state:not at safepoint (not fully initialized)

VM Mutex/Monitor currently owned by a thread: None

GC Heap History (0 events):
No events

Deoptimization events (0 events):
No events

Classes redefined (0 events):
No events

Internal exceptions (0 events):
No events

Events (0 events):
No events


Dynamic libraries:
00400000-00401000 r-xp 00000000 08:06 12981899                           /usr/lib/jvm/java-8-oracle/jre/bin/java
00600000-00601000 r--p 00000000 08:06 12981899                           /usr/lib/jvm/java-8-oracle/jre/bin/java
00601000-00602000 rw-p 00001000 08:06 12981899                           /usr/lib/jvm/java-8-oracle/jre/bin/java
00605000-00626000 rw-p 00000000 00:00 0                                  [heap]
6c7a00000-76d380000 ---p 00000000 00:00 0 
772680000-7c0000000 ---p 00000000 00:00 0 
7f03738bf000-7f0373a5b000 rw-p 00000000 00:00 0 
7f0373a5b000-7f037421e000 ---p 00000000 00:00 0 
7f037421e000-7f0374229000 rw-p 00000000 00:00 0 
7f0374229000-7f03745df000 ---p 00000000 00:00 0 
7f03745df000-7f037484f000 rwxp 00000000 00:00 0 
7f037484f000-7f03835df000 ---p 00000000 00:00 0 
7f03835df000-7f03835f9000 r-xp 00000000 08:06 14287228                   /usr/lib/jvm/java-8-oracle/jre/lib/amd64/libzip.so
7f03835f9000-7f03837f9000 ---p 0001a000 08:06 14287228                   /usr/lib/jvm/java-8-oracle/jre/lib/amd64/libzip.so
7f03837f9000-7f03837fa000 r--p 0001a000 08:06 14287228                   /usr/lib/jvm/java-8-oracle/jre/lib/amd64/libzip.so
7f03837fa000-7f03837fb000 rw-p 0001b000 08:06 14287228                   /usr/lib/jvm/java-8-oracle/jre/lib/amd64/libzip.so
7f03837fb000-7f0384000000 r--s 00000000 08:06 4325527                    /var/lib/sss/mc/passwd
7f0384000000-7f0384035000 rw-p 00000000 00:00 0 
7f0384035000-7f0388000000 ---p 00000000 00:00 0 
7f038802d000-7f0388124000 rw-p 00000000 00:00 0 
7f0388124000-7f038812c000 r-xp 00000000 08:06 17825877                   /lib/x86_64-linux-gnu/libnss_sss.so.2
7f038812c000-7f038832b000 ---p 00008000 08:06 17825877                   /lib/x86_64-linux-gnu/libnss_sss.so.2
7f038832b000-7f038832c000 r--p 00007000 08:06 17825877                   /lib/x86_64-linux-gnu/libnss_sss.so.2
7f038832c000-7f038832d000 rw-p 00008000 08:06 17825877                   /lib/x86_64-linux-gnu/libnss_sss.so.2
7f038832d000-7f0388369000 r-xp 00000000 08:06 17827057                   /lib/x86_64-linux-gnu/libnss_systemd.so.2
7f0388369000-7f0388568000 ---p 0003c000 08:06 17827057                   /lib/x86_64-linux-gnu/libnss_systemd.so.2
7f0388568000-7f038856b000 r--p 0003b000 08:06 17827057                   /lib/x86_64-linux-gnu/libnss_systemd.so.2
7f038856b000-7f038856c000 rw-p 0003e000 08:06 17827057                   /lib/x86_64-linux-gnu/libnss_systemd.so.2
7f038856c000-7f0388577000 r-xp 00000000 08:06 17830571                   /lib/x86_64-linux-gnu/libnss_files-2.27.so
7f0388577000-7f0388776000 ---p 0000b000 08:06 17830571                   /lib/x86_64-linux-gnu/libnss_files-2.27.so
7f0388776000-7f0388777000 r--p 0000a000 08:06 17830571                   /lib/x86_64-linux-gnu/libnss_files-2.27.so
7f0388777000-7f0388778000 rw-p 0000b000 08:06 17830571                   /lib/x86_64-linux-gnu/libnss_files-2.27.so
7f0388778000-7f038877e000 rw-p 00000000 00:00 0 
7f038877e000-7f0388795000 r-xp 00000000 08:06 17830565                   /lib/x86_64-linux-gnu/libnsl-2.27.so
7f0388795000-7f0388994000 ---p 00017000 08:06 17830565                   /lib/x86_64-linux-gnu/libnsl-2.27.so
7f0388994000-7f0388995000 r--p 00016000 08:06 17830565                   /lib/x86_64-linux-gnu/libnsl-2.27.so
7f0388995000-7f0388996000 rw-p 00017000 08:06 17830565                   /lib/x86_64-linux-gnu/libnsl-2.27.so
7f0388996000-7f0388998000 rw-p 00000000 00:00 0 
7f0388998000-7f03889a3000 r-xp 00000000 08:06 17830582                   /lib/x86_64-linux-gnu/libnss_nis-2.27.so
7f03889a3000-7f0388ba2000 ---p 0000b000 08:06 17830582                   /lib/x86_64-linux-gnu/libnss_nis-2.27.so
7f0388ba2000-7f0388ba3000 r--p 0000a000 08:06 17830582                   /lib/x86_64-linux-gnu/libnss_nis-2.27.so
7f0388ba3000-7f0388ba4000 rw-p 0000b000 08:06 17830582                   /lib/x86_64-linux-gnu/libnss_nis-2.27.so
7f0388ba4000-7f0388bac000 r-xp 00000000 08:06 17830567                   /lib/x86_64-linux-gnu/libnss_compat-2.27.so
7f0388bac000-7f0388dac000 ---p 00008000 08:06 17830567                   /lib/x86_64-linux-gnu/libnss_compat-2.27.so
7f0388dac000-7f0388dad000 r--p 00008000 08:06 17830567                   /lib/x86_64-linux-gnu/libnss_compat-2.27.so
7f0388dad000-7f0388dae000 rw-p 00009000 08:06 17830567                   /lib/x86_64-linux-gnu/libnss_compat-2.27.so
7f0388dae000-7f0388ddb000 r-xp 00000000 08:06 14287222                   /usr/lib/jvm/java-8-oracle/jre/lib/amd64/libjava.so
7f0388ddb000-7f0388fda000 ---p 0002d000 08:06 14287222                   /usr/lib/jvm/java-8-oracle/jre/lib/amd64/libjava.so
7f0388fda000-7f0388fdb000 r--p 0002c000 08:06 14287222                   /usr/lib/jvm/java-8-oracle/jre/lib/amd64/libjava.so
7f0388fdb000-7f0388fdd000 rw-p 0002d000 08:06 14287222                   /usr/lib/jvm/java-8-oracle/jre/lib/amd64/libjava.so
7f0388fdd000-7f0388fea000 r-xp 00000000 08:06 14287227                   /usr/lib/jvm/java-8-oracle/jre/lib/amd64/libverify.so
7f0388fea000-7f03891e9000 ---p 0000d000 08:06 14287227                   /usr/lib/jvm/java-8-oracle/jre/lib/amd64/libverify.so
7f03891e9000-7f03891eb000 r--p 0000c000 08:06 14287227                   /usr/lib/jvm/java-8-oracle/jre/lib/amd64/libverify.so
7f03891eb000-7f03891ec000 rw-p 0000e000 08:06 14287227                   /usr/lib/jvm/java-8-oracle/jre/lib/amd64/libverify.so
7f03891ec000-7f03891f3000 r-xp 00000000 08:06 17830622                   /lib/x86_64-linux-gnu/librt-2.27.so
7f03891f3000-7f03893f2000 ---p 00007000 08:06 17830622                   /lib/x86_64-linux-gnu/librt-2.27.so
7f03893f2000-7f03893f3000 r--p 00006000 08:06 17830622                   /lib/x86_64-linux-gnu/librt-2.27.so
7f03893f3000-7f03893f4000 rw-p 00007000 08:06 17830622                   /lib/x86_64-linux-gnu/librt-2.27.so
7f03893f4000-7f0389591000 r-xp 00000000 08:06 17830544                   /lib/x86_64-linux-gnu/libm-2.27.so
7f0389591000-7f0389790000 ---p 0019d000 08:06 17830544                   /lib/x86_64-linux-gnu/libm-2.27.so
7f0389790000-7f0389791000 r--p 0019c000 08:06 17830544                   /lib/x86_64-linux-gnu/libm-2.27.so
7f0389791000-7f0389792000 rw-p 0019d000 08:06 17830544                   /lib/x86_64-linux-gnu/libm-2.27.so
7f0389792000-7f038a474000 r-xp 00000000 08:06 14287204                   /usr/lib/jvm/java-8-oracle/jre/lib/amd64/server/libjvm.so
7f038a474000-7f038a674000 ---p 00ce2000 08:06 14287204                   /usr/lib/jvm/java-8-oracle/jre/lib/amd64/server/libjvm.so
7f038a674000-7f038a70a000 r--p 00ce2000 08:06 14287204                   /usr/lib/jvm/java-8-oracle/jre/lib/amd64/server/libjvm.so
7f038a70a000-7f038a73b000 rw-p 00d78000 08:06 14287204                   /usr/lib/jvm/java-8-oracle/jre/lib/amd64/server/libjvm.so
7f038a73b000-7f038a776000 rw-p 00000000 00:00 0 
7f038a776000-7f038a95d000 r-xp 00000000 08:06 17830481                   /lib/x86_64-linux-gnu/libc-2.27.so
7f038a95d000-7f038ab5d000 ---p 001e7000 08:06 17830481                   /lib/x86_64-linux-gnu/libc-2.27.so
7f038ab5d000-7f038ab61000 r--p 001e7000 08:06 17830481                   /lib/x86_64-linux-gnu/libc-2.27.so
7f038ab61000-7f038ab63000 rw-p 001eb000 08:06 17830481                   /lib/x86_64-linux-gnu/libc-2.27.so
7f038ab63000-7f038ab67000 rw-p 00000000 00:00 0 
7f038ab67000-7f038ab6a000 r-xp 00000000 08:06 17830504                   /lib/x86_64-linux-gnu/libdl-2.27.so
7f038ab6a000-7f038ad69000 ---p 00003000 08:06 17830504                   /lib/x86_64-linux-gnu/libdl-2.27.so
7f038ad69000-7f038ad6a000 r--p 00002000 08:06 17830504                   /lib/x86_64-linux-gnu/libdl-2.27.so
7f038ad6a000-7f038ad6b000 rw-p 00003000 08:06 17830504                   /lib/x86_64-linux-gnu/libdl-2.27.so
7f038ad6b000-7f038ad82000 r-xp 00000000 08:06 14287199                   /usr/lib/jvm/java-8-oracle/jre/lib/amd64/jli/libjli.so
7f038ad82000-7f038af81000 ---p 00017000 08:06 14287199                   /usr/lib/jvm/java-8-oracle/jre/lib/amd64/jli/libjli.so
7f038af81000-7f038af82000 r--p 00016000 08:06 14287199                   /usr/lib/jvm/java-8-oracle/jre/lib/amd64/jli/libjli.so
7f038af82000-7f038af83000 rw-p 00017000 08:06 14287199                   /usr/lib/jvm/java-8-oracle/jre/lib/amd64/jli/libjli.so
7f038af83000-7f038af9d000 r-xp 00000000 08:06 17830614                   /lib/x86_64-linux-gnu/libpthread-2.27.so
7f038af9d000-7f038b19c000 ---p 0001a000 08:06 17830614                   /lib/x86_64-linux-gnu/libpthread-2.27.so
7f038b19c000-7f038b19d000 r--p 00019000 08:06 17830614                   /lib/x86_64-linux-gnu/libpthread-2.27.so
7f038b19d000-7f038b19e000 rw-p 0001a000 08:06 17830614                   /lib/x86_64-linux-gnu/libpthread-2.27.so
7f038b19e000-7f038b1a2000 rw-p 00000000 00:00 0 
7f038b1a2000-7f038b1c9000 r-xp 00000000 08:06 17830453                   /lib/x86_64-linux-gnu/ld-2.27.so
7f038b2a6000-7f038b2a7000 ---p 00000000 00:00 0 
7f038b2a7000-7f038b2aa000 ---p 00000000 00:00 0 
7f038b2aa000-7f038b3ab000 rw-p 00000000 00:00 0 
7f038b3bf000-7f038b3c7000 rw-s 00000000 08:06 14944286                   /tmp/hsperfdata_s0560390/23572
7f038b3c7000-7f038b3c8000 rw-p 00000000 00:00 0 
7f038b3c8000-7f038b3c9000 r--p 00000000 00:00 0 
7f038b3c9000-7f038b3ca000 r--p 00027000 08:06 17830453                   /lib/x86_64-linux-gnu/ld-2.27.so
7f038b3ca000-7f038b3cb000 rw-p 00028000 08:06 17830453                   /lib/x86_64-linux-gnu/ld-2.27.so
7f038b3cb000-7f038b3cc000 rw-p 00000000 00:00 0 
7ffd88b22000-7ffd88b43000 rw-p 00000000 00:00 0                          [stack]
7ffd88b6b000-7ffd88b6e000 r--p 00000000 00:00 0                          [vvar]
7ffd88b6e000-7ffd88b70000 r-xp 00000000 00:00 0                          [vdso]
ffffffffff600000-ffffffffff601000 r-xp 00000000 00:00 0                  [vsyscall]

VM Arguments:
java_command: /home/s0560390/Dokumente/Beleg4_PUT/KBEWiSe18/songsRX/target/surefire/surefirebooter9127650436106256237.jar /home/s0560390/Dokumente/Beleg4_PUT/KBEWiSe18/songsRX/target/surefire/surefire2043490044500173857tmp /home/s0560390/Dokumente/Beleg4_PUT/KBEWiSe18/songsRX/target/surefire/surefire_07583830381240535082tmp
java_class_path (initial): /home/s0560390/Dokumente/Beleg4_PUT/KBEWiSe18/songsRX/target/surefire/surefirebooter9127650436106256237.jar
Launcher Type: SUN_STANDARD

Environment Variables:
JAVA_HOME=/usr/lib/jvm/java-8-oracle
PATH=/usr/local/sbin:/usr/local/bin:/usr/sbin:/usr/bin:/sbin:/bin:/usr/games:/usr/local/games:/snap/bin:/usr/lib/jvm/java-8-oracle/bin:/usr/lib/jvm/java-8-oracle/db/bin:/usr/lib/jvm/java-8-oracle/jre/bin:/home/s0560390/.rvm/bin:/home/s0560390/.rvm/bin
USERNAME=s0560390
SHELL=/bin/bash
DISPLAY=:0

Signal Handlers:
SIGSEGV: [libjvm.so+0xaced60], sa_mask[0]=11111111011111111101111111111110, sa_flags=SA_RESTART|SA_SIGINFO
SIGBUS: [libjvm.so+0xaced60], sa_mask[0]=11111111011111111101111111111110, sa_flags=SA_RESTART|SA_SIGINFO
SIGFPE: [libjvm.so+0x907ca0], sa_mask[0]=11111111011111111101111111111110, sa_flags=SA_RESTART|SA_SIGINFO
SIGPIPE: [libjvm.so+0x907ca0], sa_mask[0]=11111111011111111101111111111110, sa_flags=SA_RESTART|SA_SIGINFO
SIGXFSZ: [libjvm.so+0x907ca0], sa_mask[0]=11111111011111111101111111111110, sa_flags=SA_RESTART|SA_SIGINFO
SIGILL: [libjvm.so+0x907ca0], sa_mask[0]=11111111011111111101111111111110, sa_flags=SA_RESTART|SA_SIGINFO
SIGUSR1: SIG_DFL, sa_mask[0]=00000000000000000000000000000000, sa_flags=none
SIGUSR2: [libjvm.so+0x907b70], sa_mask[0]=00100000000000000000000000000000, sa_flags=SA_RESTART|SA_SIGINFO
SIGHUP: SIG_DFL, sa_mask[0]=00000000000000000000000000000000, sa_flags=none
SIGINT: SIG_DFL, sa_mask[0]=00000000000000000000000000000000, sa_flags=none
SIGTERM: SIG_DFL, sa_mask[0]=00000000000000000000000000000000, sa_flags=none
SIGQUIT: SIG_DFL, sa_mask[0]=00000000000000000000000000000000, sa_flags=none


---------------  S Y S T E M  ---------------

OS:DISTRIB_ID=Ubuntu
DISTRIB_RELEASE=18.04
DISTRIB_CODENAME=bionic
DISTRIB_DESCRIPTION="Ubuntu 18.04.1 LTS"

uname:Linux 4.15.0-43-generic #46-Ubuntu SMP Thu Dec 6 14:45:28 UTC 2018 x86_64
libc:glibc 2.27 NPTL 2.27 
rlimit: STACK 8192k, CORE 0k, NPROC 63341, NOFILE 4096, AS infinity
load average:7.98 3.25 1.91

/proc/meminfo:
MemTotal:       16276032 kB
MemFree:          139120 kB
MemAvailable:        716 kB
Buffers:             504 kB
Cached:           398036 kB
SwapCached:          796 kB
Active:         14529688 kB
Inactive:        1219436 kB
Active(anon):   14524744 kB
Inactive(anon):  1210312 kB
Active(file):       4944 kB
Inactive(file):     9124 kB
Unevictable:         148 kB
Mlocked:             148 kB
SwapTotal:       2097148 kB
SwapFree:              4 kB
Dirty:                 0 kB
Writeback:           200 kB
AnonPages:      15350488 kB
Mapped:           210656 kB
Shmem:            384296 kB
Slab:             133320 kB
SReclaimable:      45324 kB
SUnreclaim:        87996 kB
KernelStack:       34576 kB
PageTables:       133204 kB
NFS_Unstable:          0 kB
Bounce:                0 kB
WritebackTmp:          0 kB
CommitLimit:    10235164 kB
Committed_AS:   34510932 kB
VmallocTotal:   34359738367 kB
VmallocUsed:           0 kB
VmallocChunk:          0 kB
HardwareCorrupted:     0 kB
AnonHugePages:         0 kB
ShmemHugePages:        0 kB
ShmemPmdMapped:        0 kB
CmaTotal:              0 kB
CmaFree:               0 kB
HugePages_Total:       0
HugePages_Free:        0
HugePages_Rsvd:        0
HugePages_Surp:        0
Hugepagesize:       2048 kB
DirectMap4k:      280788 kB
DirectMap2M:    11104256 kB
DirectMap1G:     5242880 kB

container (cgroup) information:
container_type: cgroupv1
cpu_cpuset_cpus: 0-7
cpu_memory_nodes: 0
active_processor_count: 8
cpu_quota: -1
cpu_period: 100000
cpu_shares: -1
memory_limit_in_bytes: -1
memory_and_swap_limit_in_bytes: -2
memory_soft_limit_in_bytes: -1
memory_usage_in_bytes: 16131248128
memory_max_usage_in_bytes: 0


CPU:total 8 (initial active 8) (4 cores per cpu, 2 threads per core) family 6 model 94 stepping 3, cmov, cx8, fxsr, mmx, sse, sse2, sse3, ssse3, sse4.1, sse4.2, popcnt, avx, avx2, aes, clmul, erms, rtm, 3dnowpref, lzcnt, ht, tsc, tscinvbit, bmi1, bmi2, adx

/proc/cpuinfo:
processor	: 0
vendor_id	: GenuineIntel
cpu family	: 6
model		: 94
model name	: Intel(R) Core(TM) i7-6700 CPU @ 3.40GHz
stepping	: 3
microcode	: 0xc6
cpu MHz		: 3700.005
cache size	: 8192 KB
physical id	: 0
siblings	: 8
core id		: 0
cpu cores	: 4
apicid		: 0
initial apicid	: 0
fpu		: yes
fpu_exception	: yes
cpuid level	: 22
wp		: yes
flags		: fpu vme de pse tsc msr pae mce cx8 apic sep mtrr pge mca cmov pat pse36 clflush dts acpi mmx fxsr sse sse2 ss ht tm pbe syscall nx pdpe1gb rdtscp lm constant_tsc art arch_perfmon pebs bts rep_good nopl xtopology nonstop_tsc cpuid aperfmperf tsc_known_freq pni pclmulqdq dtes64 monitor ds_cpl vmx smx est tm2 ssse3 sdbg fma cx16 xtpr pdcm pcid sse4_1 sse4_2 x2apic movbe popcnt tsc_deadline_timer aes xsave avx f16c rdrand lahf_lm abm 3dnowprefetch cpuid_fault epb invpcid_single pti ssbd ibrs ibpb stibp tpr_shadow vnmi flexpriority ept vpid fsgsbase tsc_adjust bmi1 hle avx2 smep bmi2 erms invpcid rtm mpx rdseed adx smap clflushopt intel_pt xsaveopt xsavec xgetbv1 xsaves dtherm ida arat pln pts hwp hwp_notify hwp_act_window hwp_epp flush_l1d
bugs		: cpu_meltdown spectre_v1 spectre_v2 spec_store_bypass l1tf
bogomips	: 6816.00
clflush size	: 64
cache_alignment	: 64
address sizes	: 39 bits physical, 48 bits virtual
power management:

processor	: 1
vendor_id	: GenuineIntel
cpu family	: 6
model		: 94
model name	: Intel(R) Core(TM) i7-6700 CPU @ 3.40GHz
stepping	: 3
microcode	: 0xc6
cpu MHz		: 3699.989
cache size	: 8192 KB
physical id	: 0
siblings	: 8
core id		: 1
cpu cores	: 4
apicid		: 2
initial apicid	: 2
fpu		: yes
fpu_exception	: yes
cpuid level	: 22
wp		: yes
flags		: fpu vme de pse tsc msr pae mce cx8 apic sep mtrr pge mca cmov pat pse36 clflush dts acpi mmx fxsr sse sse2 ss ht tm pbe syscall nx pdpe1gb rdtscp lm constant_tsc art arch_perfmon pebs bts rep_good nopl xtopology nonstop_tsc cpuid aperfmperf tsc_known_freq pni pclmulqdq dtes64 monitor ds_cpl vmx smx est tm2 ssse3 sdbg fma cx16 xtpr pdcm pcid sse4_1 sse4_2 x2apic movbe popcnt tsc_deadline_timer aes xsave avx f16c rdrand lahf_lm abm 3dnowprefetch cpuid_fault epb invpcid_single pti ssbd ibrs ibpb stibp tpr_shadow vnmi flexpriority ept vpid fsgsbase tsc_adjust bmi1 hle avx2 smep bmi2 erms invpcid rtm mpx rdseed adx smap clflushopt intel_pt xsaveopt xsavec xgetbv1 xsaves dtherm ida arat pln pts hwp hwp_notify hwp_act_window hwp_epp flush_l1d
bugs		: cpu_meltdown spectre_v1 spectre_v2 spec_store_bypass l1tf
bogomips	: 6816.00
clflush size	: 64
cache_alignment	: 64
address sizes	: 39 bits physical, 48 bits virtual
power management:

processor	: 2
vendor_id	: GenuineIntel
cpu family	: 6
model		: 94
model name	: Intel(R) Core(TM) i7-6700 CPU @ 3.40GHz
stepping	: 3
microcode	: 0xc6
cpu MHz		: 3699.989
cache size	: 8192 KB
physical id	: 0
siblings	: 8
core id		: 2
cpu cores	: 4
apicid		: 4
initial apicid	: 4
fpu		: yes
fpu_exception	: yes
cpuid level	: 22
wp		: yes
flags		: fpu vme de pse tsc msr pae mce cx8 apic sep mtrr pge mca cmov pat pse36 clflush dts acpi mmx fxsr sse sse2 ss ht tm pbe syscall nx pdpe1gb rdtscp lm constant_tsc art arch_perfmon pebs bts rep_good nopl xtopology nonstop_tsc cpuid aperfmperf tsc_known_freq pni pclmulqdq dtes64 monitor ds_cpl vmx smx est tm2 ssse3 sdbg fma cx16 xtpr pdcm pcid sse4_1 sse4_2 x2apic movbe popcnt tsc_deadline_timer aes xsave avx f16c rdrand lahf_lm abm 3dnowprefetch cpuid_fault epb invpcid_single pti ssbd ibrs ibpb stibp tpr_shadow vnmi flexpriority ept vpid fsgsbase tsc_adjust bmi1 hle avx2 smep bmi2 erms invpcid rtm mpx rdseed adx smap clflushopt intel_pt xsaveopt xsavec xgetbv1 xsaves dtherm ida arat pln pts hwp hwp_notify hwp_act_window hwp_epp flush_l1d
bugs		: cpu_meltdown spectre_v1 spectre_v2 spec_store_bypass l1tf
bogomips	: 6816.00
clflush size	: 64
cache_alignment	: 64
address sizes	: 39 bits physical, 48 bits virtual
power management:

processor	: 3
vendor_id	: GenuineIntel
cpu family	: 6
model		: 94
model name	: Intel(R) Core(TM) i7-6700 CPU @ 3.40GHz
stepping	: 3
microcode	: 0xc6
cpu MHz		: 3700.007
cache size	: 8192 KB
physical id	: 0
siblings	: 8
core id		: 3
cpu cores	: 4
apicid		: 6
initial apicid	: 6
fpu		: yes
fpu_exception	: yes
cpuid level	: 22
wp		: yes
flags		: fpu vme de pse tsc msr pae mce cx8 apic sep mtrr pge mca cmov pat pse36 clflush dts acpi mmx fxsr sse sse2 ss ht tm pbe syscall nx pdpe1gb rdtscp lm constant_tsc art arch_perfmon pebs bts rep_good nopl xtopology nonstop_tsc cpuid aperfmperf tsc_known_freq pni pclmulqdq dtes64 monitor ds_cpl vmx smx est tm2 ssse3 sdbg fma cx16 xtpr pdcm pcid sse4_1 sse4_2 x2apic movbe popcnt tsc_deadline_timer aes xsave avx f16c rdrand lahf_lm abm 3dnowprefetch cpuid_fault epb invpcid_single pti ssbd ibrs ibpb stibp tpr_shadow vnmi flexpriority ept vpid fsgsbase tsc_adjust bmi1 hle avx2 smep bmi2 erms invpcid rtm mpx rdseed adx smap clflushopt intel_pt xsaveopt xsavec xgetbv1 xsaves dtherm ida arat pln pts hwp hwp_notify hwp_act_window hwp_epp flush_l1d
bugs		: cpu_meltdown spectre_v1 spectre_v2 spec_store_bypass l1tf
bogomips	: 6816.00
clflush size	: 64
cache_alignment	: 64
address sizes	: 39 bits physical, 48 bits virtual
power management:

processor	: 4
vendor_id	: GenuineIntel
cpu family	: 6
model		: 94
model name	: Intel(R) Core(TM) i7-6700 CPU @ 3.40GHz
stepping	: 3
microcode	: 0xc6
cpu MHz		: 3699.985
cache size	: 8192 KB
physical id	: 0
siblings	: 8
core id		: 0
cpu cores	: 4
apicid		: 1
initial apicid	: 1
fpu		: yes
fpu_exception	: yes
cpuid level	: 22
wp		: yes
flags		: fpu vme de pse tsc msr pae mce cx8 apic sep mtrr pge mca cmov pat pse36 clflush dts acpi mmx fxsr sse sse2 ss ht tm pbe syscall nx pdpe1gb rdtscp lm constant_tsc art arch_perfmon pebs bts rep_good nopl xtopology nonstop_tsc cpuid aperfmperf tsc_known_freq pni pclmulqdq dtes64 monitor ds_cpl vmx smx est tm2 ssse3 sdbg fma cx16 xtpr pdcm pcid sse4_1 sse4_2 x2apic movbe popcnt tsc_deadline_timer aes xsave avx f16c rdrand lahf_lm abm 3dnowprefetch cpuid_fault epb invpcid_single pti ssbd ibrs ibpb stibp tpr_shadow vnmi flexpriority ept vpid fsgsbase tsc_adjust bmi1 hle avx2 smep bmi2 erms invpcid rtm mpx rdseed adx smap clflushopt intel_pt xsaveopt xsavec xgetbv1 xsaves dtherm ida arat pln pts hwp hwp_notify hwp_act_window hwp_epp flush_l1d
bugs		: cpu_meltdown spectre_v1 spectre_v2 spec_store_bypass l1tf
bogomips	: 6816.00
clflush size	: 64
cache_alignment	: 64
address sizes	: 39 bits physical, 48 bits virtual
power management:

processor	: 5
vendor_id	: GenuineIntel
cpu family	: 6
model		: 94
model name	: Intel(R) Core(TM) i7-6700 CPU @ 3.40GHz
stepping	: 3
microcode	: 0xc6
cpu MHz		: 3699.984
cache size	: 8192 KB
physical id	: 0
siblings	: 8
core id		: 1
cpu cores	: 4
apicid		: 3
initial apicid	: 3
fpu		: yes
fpu_exception	: yes
cpuid level	: 22
wp		: yes
flags		: fpu vme de pse tsc msr pae mce cx8 apic sep mtrr pge mca cmov pat pse36 clflush dts acpi mmx fxsr sse sse2 ss ht tm pbe syscall nx pdpe1gb rdtscp lm constant_tsc art arch_perfmon pebs bts rep_good nopl xtopology nonstop_tsc cpuid aperfmperf tsc_known_freq pni pclmulqdq dtes64 monitor ds_cpl vmx smx est tm2 ssse3 sdbg fma cx16 xtpr pdcm pcid sse4_1 sse4_2 x2apic movbe popcnt tsc_deadline_timer aes xsave avx f16c rdrand lahf_lm abm 3dnowprefetch cpuid_fault epb invpcid_single pti ssbd ibrs ibpb stibp tpr_shadow vnmi flexpriority ept vpid fsgsbase tsc_adjust bmi1 hle avx2 smep bmi2 erms invpcid rtm mpx rdseed adx smap clflushopt intel_pt xsaveopt xsavec xgetbv1 xsaves dtherm ida arat pln pts hwp hwp_notify hwp_act_window hwp_epp flush_l1d
bugs		: cpu_meltdown spectre_v1 spectre_v2 spec_store_bypass l1tf
bogomips	: 6816.00
clflush size	: 64
cache_alignment	: 64
address sizes	: 39 bits physical, 48 bits virtual
power management:

processor	: 6
vendor_id	: GenuineIntel
cpu family	: 6
model		: 94
model name	: Intel(R) Core(TM) i7-6700 CPU @ 3.40GHz
stepping	: 3
microcode	: 0xc6
cpu MHz		: 3699.981
cache size	: 8192 KB
physical id	: 0
siblings	: 8
core id		: 2
cpu cores	: 4
apicid		: 5
initial apicid	: 5
fpu		: yes
fpu_exception	: yes
cpuid level	: 22
wp		: yes
flags		: fpu vme de pse tsc msr pae mce cx8 apic sep mtrr pge mca cmov pat pse36 clflush dts acpi mmx fxsr sse sse2 ss ht tm pbe syscall nx pdpe1gb rdtscp lm constant_tsc art arch_perfmon pebs bts rep_good nopl xtopology nonstop_tsc cpuid aperfmperf tsc_known_freq pni pclmulqdq dtes64 monitor ds_cpl vmx smx est tm2 ssse3 sdbg fma cx16 xtpr pdcm pcid sse4_1 sse4_2 x2apic movbe popcnt tsc_deadline_timer aes xsave avx f16c rdrand lahf_lm abm 3dnowprefetch cpuid_fault epb invpcid_single pti ssbd ibrs ibpb stibp tpr_shadow vnmi flexpriority ept vpid fsgsbase tsc_adjust bmi1 hle avx2 smep bmi2 erms invpcid rtm mpx rdseed adx smap clflushopt intel_pt xsaveopt xsavec xgetbv1 xsaves dtherm ida arat pln pts hwp hwp_notify hwp_act_window hwp_epp flush_l1d
bugs		: cpu_meltdown spectre_v1 spectre_v2 spec_store_bypass l1tf
bogomips	: 6816.00
clflush size	: 64
cache_alignment	: 64
address sizes	: 39 bits physical, 48 bits virtual
power management:

processor	: 7
vendor_id	: GenuineIntel
cpu family	: 6
model		: 94
model name	: Intel(R) Core(TM) i7-6700 CPU @ 3.40GHz
stepping	: 3
microcode	: 0xc6
cpu MHz		: 3700.003
cache size	: 8192 KB
physical id	: 0
siblings	: 8
core id		: 3
cpu cores	: 4
apicid		: 7
initial apicid	: 7
fpu		: yes
fpu_exception	: yes
cpuid level	: 22
wp		: yes
flags		: fpu vme de pse tsc msr pae mce cx8 apic sep mtrr pge mca cmov pat pse36 clflush dts acpi mmx fxsr sse sse2 ss ht tm pbe syscall nx pdpe1gb rdtscp lm constant_tsc art arch_perfmon pebs bts rep_good nopl xtopology nonstop_tsc cpuid aperfmperf tsc_known_freq pni pclmulqdq dtes64 monitor ds_cpl vmx smx est tm2 ssse3 sdbg fma cx16 xtpr pdcm pcid sse4_1 sse4_2 x2apic movbe popcnt tsc_deadline_timer aes xsave avx f16c rdrand lahf_lm abm 3dnowprefetch cpuid_fault epb invpcid_single pti ssbd ibrs ibpb stibp tpr_shadow vnmi flexpriority ept vpid fsgsbase tsc_adjust bmi1 hle avx2 smep bmi2 erms invpcid rtm mpx rdseed adx smap clflushopt intel_pt xsaveopt xsavec xgetbv1 xsaves dtherm ida arat pln pts hwp hwp_notify hwp_act_window hwp_epp flush_l1d
bugs		: cpu_meltdown spectre_v1 spectre_v2 spec_store_bypass l1tf
bogomips	: 6816.00
clflush size	: 64
cache_alignment	: 64
address sizes	: 39 bits physical, 48 bits virtual
power management:



Memory: 4k page, physical 16276032k(134448k free), swap 2097148k(4k free)

vm_info: Java HotSpot(TM) 64-Bit Server VM (25.191-b12) for linux-amd64 JRE (1.8.0_191-b12), built on Oct  6 2018 05:43:09 by "java_re" with gcc 7.3.0

time: Wed Jan 16 20:39:28 2019
elapsed time: 0 seconds (0d 0h 0m 0s)

