#
# There is insufficient memory for the Java Runtime Environment to continue.
# Native memory allocation (mmap) failed to map 69206016 bytes for committing reserved memory.
# Possible reasons:
#   The system is out of physical RAM or swap space
#   In 32 bit mode, the process size limit was hit
# Possible solutions:
#   Reduce memory load on the system
#   Increase physical memory or swap space
#   Check if swap backing store is full
#   Use 64 bit Java on a 64 bit OS
#   Decrease Java heap size (-Xmx/-Xms)
#   Decrease number of Java threads
#   Decrease Java thread stack sizes (-Xss)
#   Set larger code cache with -XX:ReservedCodeCacheSize=
# This output file may be truncated or incomplete.
#
#  Out of Memory Error (os_linux.cpp:2743), pid=23097, tid=0x00007f67de1d4700
#
# JRE version: Java(TM) SE Runtime Environment (8.0_191-b12) (build 1.8.0_191-b12)
# Java VM: Java HotSpot(TM) 64-Bit Server VM (25.191-b12 mixed mode linux-amd64 compressed oops)
# Failed to write core dump. Core dumps have been disabled. To enable core dumping, try "ulimit -c unlimited" before starting Java again
#

---------------  T H R E A D  ---------------

Current thread (0x00007f6808082800):  VMThread [stack: 0x00007f67de0d5000,0x00007f67de1d5000] [id=23130]

Stack: [0x00007f67de0d5000,0x00007f67de1d5000],  sp=0x00007f67de1d3430,  free space=1017k
Native frames: (J=compiled Java code, j=interpreted, Vv=VM code, C=native code)
V  [libjvm.so+0xace425]  VMError::report_and_die()+0x2c5
V  [libjvm.so+0x4deb77]  report_vm_out_of_memory(char const*, int, unsigned long, VMErrorType, char const*)+0x67
V  [libjvm.so+0x90c570]  os::pd_commit_memory(char*, unsigned long, unsigned long, bool)+0x100
V  [libjvm.so+0x903eaf]  os::commit_memory(char*, unsigned long, unsigned long, bool)+0x1f
V  [libjvm.so+0x988346]  PSVirtualSpace::expand_by(unsigned long)+0x56
V  [libjvm.so+0x9895d8]  PSYoungGen::resize(unsigned long, unsigned long)+0xd8
V  [libjvm.so+0x985d66]  PSScavenge::invoke_no_policy()+0x1356
V  [libjvm.so+0x98610c]  PSScavenge::invoke()+0x4c
V  [libjvm.so+0x935fb8]  ParallelScavengeHeap::failed_mem_allocate(unsigned long)+0x68
V  [libjvm.so+0xacff53]  VM_ParallelGCFailedAllocation::doit()+0x93
V  [libjvm.so+0xad50f6]  VM_Operation::evaluate()+0x46
V  [libjvm.so+0xad347d]  VMThread::evaluate_operation(VM_Operation*) [clone .constprop.44]+0xcd
V  [libjvm.so+0xad3a3b]  VMThread::loop()+0x37b
V  [libjvm.so+0xad3de8]  VMThread::run()+0x78
V  [libjvm.so+0x909c92]  java_start(Thread*)+0x102

VM_Operation (0x00007f68115f1340): ParallelGCFailedAllocation, mode: safepoint, requested by thread 0x00007f680800c800


---------------  P R O C E S S  ---------------

Java Threads: ( => current thread )
  0x00007f68080d5800 JavaThread "Service Thread" daemon [_thread_blocked, id=23138, stack(0x00007f67dcefd000,0x00007f67dcffe000)]
  0x00007f68080ca800 JavaThread "C1 CompilerThread3" daemon [_thread_blocked, id=23137, stack(0x00007f67dcfff000,0x00007f67dd0ff000)]
  0x00007f68080c8000 JavaThread "C2 CompilerThread2" daemon [_thread_blocked, id=23136, stack(0x00007f67dd100000,0x00007f67dd200000)]
  0x00007f68080c6800 JavaThread "C2 CompilerThread1" daemon [_thread_blocked, id=23135, stack(0x00007f67dd201000,0x00007f67dd301000)]
  0x00007f68080c3800 JavaThread "C2 CompilerThread0" daemon [_thread_blocked, id=23134, stack(0x00007f67dd302000,0x00007f67dd402000)]
  0x00007f68080c2000 JavaThread "Signal Dispatcher" daemon [_thread_blocked, id=23133, stack(0x00007f67dd402000,0x00007f67dd503000)]
  0x00007f680808f000 JavaThread "Finalizer" daemon [_thread_blocked, id=23132, stack(0x00007f67dded2000,0x00007f67ddfd3000)]
  0x00007f680808c800 JavaThread "Reference Handler" daemon [_thread_blocked, id=23131, stack(0x00007f67ddfd3000,0x00007f67de0d4000)]
  0x00007f680800c800 JavaThread "main" [_thread_blocked, id=23121, stack(0x00007f68114f4000,0x00007f68115f4000)]

Other Threads:
=>0x00007f6808082800 VMThread [stack: 0x00007f67de0d5000,0x00007f67de1d5000] [id=23130]
  0x00007f68080da800 WatcherThread [stack: 0x00007f67dcdfd000,0x00007f67dcefd000] [id=23139]

VM state:at safepoint (normal execution)

VM Mutex/Monitor currently owned by a thread:  ([mutex/lock_event])
[0x00007f6808007d80] Threads_lock - owner thread: 0x00007f6808082800
[0x00007f6808008280] Heap_lock - owner thread: 0x00007f680800c800

Heap:
 PSYoungGen      total 137728K, used 10237K [0x000000076d380000, 0x0000000776580000, 0x00000007c0000000)
  eden space 127488K, 0% used [0x000000076d380000,0x000000076d380000,0x0000000775000000)
  from space 10240K, 99% used [0x0000000775000000,0x00000007759ff4d8,0x0000000775a00000)
  to   space 2048K, 0% used [0x0000000775a00000,0x0000000775a00000,0x0000000775c00000)
 ParOldGen       total 108544K, used 12917K [0x00000006c7a00000, 0x00000006ce400000, 0x000000076d380000)
  object space 108544K, 11% used [0x00000006c7a00000,0x00000006c869d470,0x00000006ce400000)
 Metaspace       used 24031K, capacity 24806K, committed 25088K, reserved 1071104K
  class space    used 2848K, capacity 2995K, committed 3072K, reserved 1048576K

Card table byte_map: [0x00007f680cdcc000,0x00007f680d590000] byte_map_base: 0x00007f680978f000

Marking Bits: (ParMarkBitMap*) 0x00007f68109a5d40
 Begin Bits: [0x00007f67d03d0000, 0x00007f67d41e8000)
 End Bits:   [0x00007f67d41e8000, 0x00007f67d8000000)

Polling page: 0x00007f6811615000

CodeCache: size=245760Kb used=13383Kb max_used=13780Kb free=232376Kb
 bounds [0x00007f67f9000000, 0x00007f67f9d90000, 0x00007f6808000000]
 total_blobs=4383 nmethods=4003 adapters=291
 compilation: enabled

Compilation events (10 events):
Event: 15,857 Thread 0x00007f68080ca800 nmethod 4528 0x00007f67f9325a50 code [0x00007f67f9325ba0, 0x00007f67f9325cb0]
Event: 15,857 Thread 0x00007f68080ca800 4520       3       com.google.common.collect.LinkedHashMultimap$ValueEntry::matchesValue (25 bytes)
Event: 15,857 Thread 0x00007f68080ca800 nmethod 4520 0x00007f67f93200d0 code [0x00007f67f9320260, 0x00007f67f93206c8]
Event: 15,857 Thread 0x00007f68080ca800 4515       3       com.google.inject.internal.util.Classes::isConcrete (25 bytes)
Event: 15,857 Thread 0x00007f68080ca800 nmethod 4515 0x00007f67f931fa50 code [0x00007f67f931fbe0, 0x00007f67f931ffd8]
Event: 15,857 Thread 0x00007f68080ca800 4516       3       com.google.inject.internal.Annotations::checkForMisplacedScopeAnnotations (41 bytes)
Event: 15,858 Thread 0x00007f68080ca800 nmethod 4516 0x00007f67f944d890 code [0x00007f67f944dba0, 0x00007f67f944f638]
Event: 15,858 Thread 0x00007f68080ca800 4517   !   3       com.google.inject.internal.AbstractBindingProcessor::putBinding (177 bytes)
Event: 15,858 Thread 0x00007f68080c6800 nmethod 4519 0x00007f67f9325710 code [0x00007f67f9325860, 0x00007f67f9325958]
Event: 15,858 Thread 0x00007f68080c6800 4527       4       java.lang.Class$MethodArray::removeByNameAndDescriptor (42 bytes)

GC Heap History (10 events):
Event: 0,541 GC heap after
Heap after GC invocations=1 (full 0):
 PSYoungGen      total 74752K, used 9898K [0x000000076d380000, 0x0000000776580000, 0x00000007c0000000)
  eden space 64512K, 0% used [0x000000076d380000,0x000000076d380000,0x0000000771280000)
  from space 10240K, 96% used [0x0000000771280000,0x0000000771c2ab48,0x0000000771c80000)
  to   space 10240K, 0% used [0x0000000775b80000,0x0000000775b80000,0x0000000776580000)
 ParOldGen       total 171008K, used 16K [0x00000006c7a00000, 0x00000006d2100000, 0x000000076d380000)
  object space 171008K, 0% used [0x00000006c7a00000,0x00000006c7a04000,0x00000006d2100000)
 Metaspace       used 11595K, capacity 11784K, committed 12160K, reserved 1060864K
  class space    used 1455K, capacity 1540K, committed 1664K, reserved 1048576K
}
Event: 1,553 GC heap before
{Heap before GC invocations=2 (full 0):
 PSYoungGen      total 74752K, used 74410K [0x000000076d380000, 0x0000000776580000, 0x00000007c0000000)
  eden space 64512K, 100% used [0x000000076d380000,0x0000000771280000,0x0000000771280000)
  from space 10240K, 96% used [0x0000000771280000,0x0000000771c2ab48,0x0000000771c80000)
  to   space 10240K, 0% used [0x0000000775b80000,0x0000000775b80000,0x0000000776580000)
 ParOldGen       total 171008K, used 16K [0x00000006c7a00000, 0x00000006d2100000, 0x000000076d380000)
  object space 171008K, 0% used [0x00000006c7a00000,0x00000006c7a04000,0x00000006d2100000)
 Metaspace       used 16538K, capacity 16830K, committed 17280K, reserved 1064960K
  class space    used 2005K, capacity 2076K, committed 2176K, reserved 1048576K
Event: 1,560 GC heap after
Heap after GC invocations=2 (full 0):
 PSYoungGen      total 73728K, used 8740K [0x000000076d380000, 0x0000000776480000, 0x00000007c0000000)
  eden space 64512K, 0% used [0x000000076d380000,0x000000076d380000,0x0000000771280000)
  from space 9216K, 94% used [0x0000000775b80000,0x00000007764092d8,0x0000000776480000)
  to   space 10240K, 0% used [0x0000000775080000,0x0000000775080000,0x0000000775a80000)
 ParOldGen       total 171008K, used 32K [0x00000006c7a00000, 0x00000006d2100000, 0x000000076d380000)
  object space 171008K, 0% used [0x00000006c7a00000,0x00000006c7a08000,0x00000006d2100000)
 Metaspace       used 16538K, capacity 16830K, committed 17280K, reserved 1064960K
  class space    used 2005K, capacity 2076K, committed 2176K, reserved 1048576K
}
Event: 5,610 GC heap before
{Heap before GC invocations=3 (full 0):
 PSYoungGen      total 73728K, used 73252K [0x000000076d380000, 0x0000000776480000, 0x00000007c0000000)
  eden space 64512K, 100% used [0x000000076d380000,0x0000000771280000,0x0000000771280000)
  from space 9216K, 94% used [0x0000000775b80000,0x00000007764092d8,0x0000000776480000)
  to   space 10240K, 0% used [0x0000000775080000,0x0000000775080000,0x0000000775a80000)
 ParOldGen       total 171008K, used 32K [0x00000006c7a00000, 0x00000006d2100000, 0x000000076d380000)
  object space 171008K, 0% used [0x00000006c7a00000,0x00000006c7a08000,0x00000006d2100000)
 Metaspace       used 17975K, capacity 18594K, committed 18688K, reserved 1064960K
  class space    used 2139K, capacity 2273K, committed 2304K, reserved 1048576K
Event: 5,622 GC heap after
Heap after GC invocations=3 (full 0):
 PSYoungGen      total 74240K, used 9612K [0x000000076d380000, 0x0000000775c00000, 0x00000007c0000000)
  eden space 64512K, 0% used [0x000000076d380000,0x000000076d380000,0x0000000771280000)
  from space 9728K, 98% used [0x0000000775080000,0x00000007759e3388,0x0000000775a00000)
  to   space 2048K, 0% used [0x0000000775a00000,0x0000000775a00000,0x0000000775c00000)
 ParOldGen       total 171008K, used 40K [0x00000006c7a00000, 0x00000006d2100000, 0x000000076d380000)
  object space 171008K, 0% used [0x00000006c7a00000,0x00000006c7a0a000,0x00000006d2100000)
 Metaspace       used 17975K, capacity 18594K, committed 18688K, reserved 1064960K
  class space    used 2139K, capacity 2273K, committed 2304K, reserved 1048576K
}
Event: 5,823 GC heap before
{Heap before GC invocations=4 (full 0):
 PSYoungGen      total 74240K, used 26077K [0x000000076d380000, 0x0000000775c00000, 0x00000007c0000000)
  eden space 64512K, 25% used [0x000000076d380000,0x000000076e3941f0,0x0000000771280000)
  from space 9728K, 98% used [0x0000000775080000,0x00000007759e3388,0x0000000775a00000)
  to   space 2048K, 0% used [0x0000000775a00000,0x0000000775a00000,0x0000000775c00000)
 ParOldGen       total 171008K, used 40K [0x00000006c7a00000, 0x00000006d2100000, 0x000000076d380000)
  object space 171008K, 0% used [0x00000006c7a00000,0x00000006c7a0a000,0x00000006d2100000)
 Metaspace       used 20585K, capacity 21190K, committed 21296K, reserved 1069056K
  class space    used 2518K, capacity 2668K, committed 2688K, reserved 1048576K
Event: 5,832 GC heap after
Heap after GC invocations=4 (full 0):
 PSYoungGen      total 129536K, used 2016K [0x000000076d380000, 0x0000000776580000, 0x00000007c0000000)
  eden space 127488K, 0% used [0x000000076d380000,0x000000076d380000,0x0000000775000000)
  from space 2048K, 98% used [0x0000000775a00000,0x0000000775bf8020,0x0000000775c00000)
  to   space 10240K, 0% used [0x0000000775000000,0x0000000775000000,0x0000000775a00000)
 ParOldGen       total 171008K, used 7365K [0x00000006c7a00000, 0x00000006d2100000, 0x000000076d380000)
  object space 171008K, 4% used [0x00000006c7a00000,0x00000006c81314d0,0x00000006d2100000)
 Metaspace       used 20585K, capacity 21190K, committed 21296K, reserved 1069056K
  class space    used 2518K, capacity 2668K, committed 2688K, reserved 1048576K
}
Event: 5,832 GC heap before
{Heap before GC invocations=5 (full 1):
 PSYoungGen      total 129536K, used 2016K [0x000000076d380000, 0x0000000776580000, 0x00000007c0000000)
  eden space 127488K, 0% used [0x000000076d380000,0x000000076d380000,0x0000000775000000)
  from space 2048K, 98% used [0x0000000775a00000,0x0000000775bf8020,0x0000000775c00000)
  to   space 10240K, 0% used [0x0000000775000000,0x0000000775000000,0x0000000775a00000)
 ParOldGen       total 171008K, used 7365K [0x00000006c7a00000, 0x00000006d2100000, 0x000000076d380000)
  object space 171008K, 4% used [0x00000006c7a00000,0x00000006c81314d0,0x00000006d2100000)
 Metaspace       used 20585K, capacity 21190K, committed 21296K, reserved 1069056K
  class space    used 2518K, capacity 2668K, committed 2688K, reserved 1048576K
Event: 5,897 GC heap after
Heap after GC invocations=5 (full 1):
 PSYoungGen      total 129536K, used 0K [0x000000076d380000, 0x0000000776580000, 0x00000007c0000000)
  eden space 127488K, 0% used [0x000000076d380000,0x000000076d380000,0x0000000775000000)
  from space 2048K, 0% used [0x0000000775a00000,0x0000000775a00000,0x0000000775c00000)
  to   space 10240K, 0% used [0x0000000775000000,0x0000000775000000,0x0000000775a00000)
 ParOldGen       total 108544K, used 9265K [0x00000006c7a00000, 0x00000006ce400000, 0x000000076d380000)
  object space 108544K, 8% used [0x00000006c7a00000,0x00000006c830c4a8,0x00000006ce400000)
 Metaspace       used 20585K, capacity 21190K, committed 21296K, reserved 1069056K
  class space    used 2518K, capacity 2668K, committed 2688K, reserved 1048576K
}
Event: 15,862 GC heap before
{Heap before GC invocations=6 (full 1):
 PSYoungGen      total 129536K, used 127488K [0x000000076d380000, 0x0000000776580000, 0x00000007c0000000)
  eden space 127488K, 100% used [0x000000076d380000,0x0000000775000000,0x0000000775000000)
  from space 2048K, 0% used [0x0000000775a00000,0x0000000775a00000,0x0000000775c00000)
  to   space 10240K, 0% used [0x0000000775000000,0x0000000775000000,0x0000000775a00000)
 ParOldGen       total 108544K, used 9265K [0x00000006c7a00000, 0x00000006ce400000, 0x000000076d380000)
  object space 108544K, 8% used [0x00000006c7a00000,0x00000006c830c4a8,0x00000006ce400000)
 Metaspace       used 24031K, capacity 24806K, committed 25088K, reserved 1071104K
  class space    used 2848K, capacity 2995K, committed 3072K, reserved 1048576K

Deoptimization events (10 events):
Event: 9,049 Thread 0x00007f680800c800 Uncommon trap: reason=bimorphic action=maybe_recompile pc=0x00007f67f93354fc method=com.sun.tools.javac.code.Type.isCompound()Z @ 14
Event: 9,049 Thread 0x00007f680800c800 Uncommon trap: reason=unstable_if action=reinterpret pc=0x00007f67f9ccc1ac method=com.sun.tools.javac.code.Scope.enter(Lcom/sun/tools/javac/code/Symbol;Lcom/sun/tools/javac/code/Scope;Lcom/sun/tools/javac/code/Scope;Z)V @ 116
Event: 9,154 Thread 0x00007f680800c800 Uncommon trap: reason=unstable_if action=reinterpret pc=0x00007f67f9c1e75c method=java.lang.CharacterDataLatin1.isJavaIdentifierPart(I)Z @ 11
Event: 9,161 Thread 0x00007f680800c800 Uncommon trap: reason=unstable_if action=reinterpret pc=0x00007f67f98ec6b0 method=org.apache.maven.model.ConfigurationContainer.clone()Lorg/apache/maven/model/ConfigurationContainer; @ 37
Event: 10,279 Thread 0x00007f680800c800 Uncommon trap: reason=class_check action=maybe_recompile pc=0x00007f67f91d3a94 method=sun.misc.URLClassPath.getLoader(I)Lsun/misc/URLClassPath$Loader; @ 94
Event: 10,302 Thread 0x00007f680800c800 Uncommon trap: reason=class_check action=maybe_recompile pc=0x00007f67f91d3a94 method=sun.misc.URLClassPath.getLoader(I)Lsun/misc/URLClassPath$Loader; @ 94
Event: 12,743 Thread 0x00007f680800c800 Uncommon trap: reason=unstable_if action=reinterpret pc=0x00007f67f93424a0 method=com.sun.tools.javac.code.Types$19.visitClassType(Lcom/sun/tools/javac/code/Type$ClassType;Ljava/lang/Void;)Lcom/sun/tools/javac/util/List; @ 22
Event: 13,072 Thread 0x00007f680800c800 Uncommon trap: reason=class_check action=maybe_recompile pc=0x00007f67f9754abc method=com.sun.tools.javac.code.Type$ClassType.allparams()Lcom/sun/tools/javac/util/List; @ 16
Event: 13,499 Thread 0x00007f680800c800 Uncommon trap: reason=class_check action=maybe_recompile pc=0x00007f67f9754abc method=com.sun.tools.javac.code.Type$ClassType.allparams()Lcom/sun/tools/javac/util/List; @ 16
Event: 15,715 Thread 0x00007f680800c800 Uncommon trap: reason=unstable_if action=reinterpret pc=0x00007f67f970935c method=java.util.LinkedHashMap.afterNodeInsertion(Z)V @ 18

Classes redefined (0 events):
No events

Internal exceptions (10 events):
Event: 10,697 Thread 0x00007f680800c800 Exception <a 'java/security/PrivilegedActionException'> (0x0000000773c96fc8) thrown at [/HUDSON/workspace/8-2-build-linux-amd64/jdk8u191/11894/hotspot/src/share/vm/prims/jvm.cpp, line 1435]
Event: 10,697 Thread 0x00007f680800c800 Exception <a 'java/security/PrivilegedActionException'> (0x0000000773c973c0) thrown at [/HUDSON/workspace/8-2-build-linux-amd64/jdk8u191/11894/hotspot/src/share/vm/prims/jvm.cpp, line 1435]
Event: 10,713 Thread 0x00007f680800c800 Exception <a 'java/security/PrivilegedActionException'> (0x0000000773d037f8) thrown at [/HUDSON/workspace/8-2-build-linux-amd64/jdk8u191/11894/hotspot/src/share/vm/prims/jvm.cpp, line 1435]
Event: 10,713 Thread 0x00007f680800c800 Exception <a 'java/security/PrivilegedActionException'> (0x0000000773d03bf0) thrown at [/HUDSON/workspace/8-2-build-linux-amd64/jdk8u191/11894/hotspot/src/share/vm/prims/jvm.cpp, line 1435]
Event: 10,713 Thread 0x00007f680800c800 Exception <a 'java/security/PrivilegedActionException'> (0x0000000773d04f10) thrown at [/HUDSON/workspace/8-2-build-linux-amd64/jdk8u191/11894/hotspot/src/share/vm/prims/jvm.cpp, line 1435]
Event: 10,713 Thread 0x00007f680800c800 Exception <a 'java/security/PrivilegedActionException'> (0x0000000773d05308) thrown at [/HUDSON/workspace/8-2-build-linux-amd64/jdk8u191/11894/hotspot/src/share/vm/prims/jvm.cpp, line 1435]
Event: 11,194 Thread 0x00007f680800c800 Exception <a 'java/io/FileNotFoundException'> (0x0000000773df6800) thrown at [/HUDSON/workspace/8-2-build-linux-amd64/jdk8u191/11894/hotspot/src/share/vm/prims/jni.cpp, line 709]
Event: 11,202 Thread 0x00007f680800c800 Exception <a 'java/io/FileNotFoundException'> (0x0000000773df77f0) thrown at [/HUDSON/workspace/8-2-build-linux-amd64/jdk8u191/11894/hotspot/src/share/vm/prims/jni.cpp, line 709]
Event: 11,231 Thread 0x00007f680800c800 Exception <a 'java/io/FileNotFoundException'> (0x0000000773dfdb70) thrown at [/HUDSON/workspace/8-2-build-linux-amd64/jdk8u191/11894/hotspot/src/share/vm/prims/jni.cpp, line 709]
Event: 11,231 Thread 0x00007f680800c800 Exception <a 'java/io/FileNotFoundException'> (0x0000000773dfece8) thrown at [/HUDSON/workspace/8-2-build-linux-amd64/jdk8u191/11894/hotspot/src/share/vm/prims/jni.cpp, line 709]

Events (10 events):
Event: 15,804 loading class org/apache/maven/artifact/versioning/VersionRange done
Event: 15,804 loading class org/apache/maven/plugin/surefire/booterclient/ForkStarter
Event: 15,804 loading class org/apache/maven/plugin/surefire/booterclient/ForkStarter done
Event: 15,804 loading class org/apache/maven/plugin/surefire/booterclient/ForkStarter
Event: 15,804 loading class org/apache/maven/plugin/surefire/booterclient/ForkStarter done
Event: 15,804 loading class org/apache/maven/plugin/surefire/booterclient/ForkStarter
Event: 15,804 loading class org/apache/maven/plugin/surefire/booterclient/ForkStarter done
Event: 15,836 loading class com/google/inject/internal/cglib/reflect/$FastClassEmitter$2
Event: 15,836 loading class com/google/inject/internal/cglib/reflect/$FastClassEmitter$2 done
Event: 15,858 Executing VM operation: ParallelGCFailedAllocation


Dynamic libraries:
00400000-00401000 r-xp 00000000 08:06 12584133                           /usr/lib/jvm/java-8-oracle/bin/java
00600000-00601000 r--p 00000000 08:06 12584133                           /usr/lib/jvm/java-8-oracle/bin/java
00601000-00602000 rw-p 00001000 08:06 12584133                           /usr/lib/jvm/java-8-oracle/bin/java
01c8b000-01cac000 rw-p 00000000 00:00 0                                  [heap]
6c7a00000-6ce400000 rw-p 00000000 00:00 0 
6ce400000-76d380000 ---p 00000000 00:00 0 
76d380000-776580000 rw-p 00000000 00:00 0 
77a780000-7c0000000 ---p 00000000 00:00 0 
7c0000000-7c0300000 rw-p 00000000 00:00 0 
7c0300000-800000000 ---p 00000000 00:00 0 
7f67a3c00000-7f67a3d80000 rw-p 00000000 00:00 0 
7f67a3d80000-7f67a3e00000 ---p 00000000 00:00 0 
7f67a3e00000-7f67a4000000 rw-p 00000000 00:00 0 
7f67a4000000-7f67a4021000 rw-p 00000000 00:00 0 
7f67a4021000-7f67a8000000 ---p 00000000 00:00 0 
7f67a8000000-7f67a8021000 rw-p 00000000 00:00 0 
7f67a8021000-7f67ac000000 ---p 00000000 00:00 0 
7f67ac000000-7f67adc1d000 rw-p 00000000 00:00 0 
7f67adc1d000-7f67b0000000 ---p 00000000 00:00 0 
7f67b0000000-7f67b08ba000 rw-p 00000000 00:00 0 
7f67b08ba000-7f67b4000000 ---p 00000000 00:00 0 
7f67b4000000-7f67b49c1000 rw-p 00000000 00:00 0 
7f67b49c1000-7f67b8000000 ---p 00000000 00:00 0 
7f67b8000000-7f67b9509000 rw-p 00000000 00:00 0 
7f67b9509000-7f67bc000000 ---p 00000000 00:00 0 
7f67bc000000-7f67bc021000 rw-p 00000000 00:00 0 
7f67bc021000-7f67c0000000 ---p 00000000 00:00 0 
7f67c0000000-7f67c0021000 rw-p 00000000 00:00 0 
7f67c0021000-7f67c4000000 ---p 00000000 00:00 0 
7f67c4000000-7f67c429c000 rw-p 00000000 00:00 0 
7f67c429c000-7f67c8000000 ---p 00000000 00:00 0 
7f67c8000000-7f67c8021000 rw-p 00000000 00:00 0 
7f67c8021000-7f67cc000000 ---p 00000000 00:00 0 
7f67cc000000-7f67cc021000 rw-p 00000000 00:00 0 
7f67cc021000-7f67d0000000 ---p 00000000 00:00 0 
7f67d00dc000-7f67d00e3000 r--s 00000000 08:06 12585963                   /usr/lib/x86_64-linux-gnu/gconv/gconv-modules.cache
7f67d00e3000-7f67d0109000 r--p 00000000 08:06 13780375                   /usr/share/locale-langpack/de/LC_MESSAGES/libc.mo
7f67d01d0000-7f67d03d0000 rw-p 00000000 00:00 0 
7f67d03d0000-7f67d8000000 rw-p 00000000 00:00 0 
7f67d8000000-7f67d8021000 rw-p 00000000 00:00 0 
7f67d8021000-7f67dc000000 ---p 00000000 00:00 0 
7f67dc067000-7f67dc069000 r--s 00002000 00:32 211076                     /home/s0560390/.m2/repository/org/apache/maven/plugin-tools/maven-plugin-annotations/3.1/maven-plugin-annotations-3.1.jar
7f67dc069000-7f67dc06a000 r--s 00002000 00:32 211072                     /home/s0560390/.m2/repository/org/apache/maven/reporting/maven-reporting-api/2.0.9/maven-reporting-api-2.0.9.jar
7f67dc06a000-7f67dc06e000 r--s 00035000 00:32 211070                     /home/s0560390/.m2/repository/org/codehaus/plexus/plexus-utils/3.0.8/plexus-utils-3.0.8.jar
7f67dc06e000-7f67dc070000 r--s 00006000 00:32 211068                     /home/s0560390/.m2/repository/org/apache/maven/shared/maven-common-artifact-filters/1.3/maven-common-artifact-filters-1.3.jar
7f67dc070000-7f67dc076000 r--s 00048000 00:32 211080                     /home/s0560390/.m2/repository/org/apache/commons/commons-lang3/3.1/commons-lang3-3.1.jar
7f67dc076000-7f67dc07b000 r--s 0003c000 00:32 211061                     /home/s0560390/.m2/repository/org/apache/maven/surefire/maven-surefire-common/2.12.4/maven-surefire-common-2.12.4.jar
7f67dc07b000-7f67dc07f000 r--s 00019000 00:32 211058                     /home/s0560390/.m2/repository/org/apache/maven/surefire/surefire-api/2.12.4/surefire-api-2.12.4.jar
7f67dc07f000-7f67dc081000 r--s 00007000 00:32 211055                     /home/s0560390/.m2/repository/org/apache/maven/surefire/surefire-booter/2.12.4/surefire-booter-2.12.4.jar
7f67dc081000-7f67dc082000 r--s 00007000 00:32 211051                     /home/s0560390/.m2/repository/org/apache/maven/plugins/maven-surefire-plugin/2.12.4/maven-surefire-plugin-2.12.4.jar
7f67dc082000-7f67dc0fb000 r--s 010fb000 08:06 12586657                   /usr/lib/jvm/java-8-oracle/lib/tools.jar
7f67dc0fb000-7f67dc0fc000 r--s 00003000 00:32 12001                      /home/s0560390/.m2/repository/org/codehaus/plexus/plexus-compiler-javac/1.9.1/plexus-compiler-javac-1.9.1.jar
7f67dc0fc000-7f67dc0fe000 r--s 00000000 00:32 12000                      /home/s0560390/.m2/repository/org/codehaus/plexus/plexus-compiler-manager/1.9.1/plexus-compiler-manager-1.9.1.jar
7f67dc0fe000-7f67dc100000 r--s 00004000 00:32 11999                      /home/s0560390/.m2/repository/org/codehaus/plexus/plexus-compiler-api/1.9.1/plexus-compiler-api-1.9.1.jar
7f67dc100000-7f67dc101000 r--s 00007000 00:32 2398                       /home/s0560390/.m2/repository/org/apache/maven/plugins/maven-compiler-plugin/2.5.1/maven-compiler-plugin-2.5.1.jar
7f67dc101000-7f67dc103000 r--s 0000d000 00:32 2680                       /home/s0560390/.m2/repository/org/codehaus/plexus/plexus-interpolation/1.13/plexus-interpolation-1.13.jar
7f67dc103000-7f67dc104000 r--s 00001000 00:32 209072                     /home/s0560390/.m2/repository/org/sonatype/plexus/plexus-build-api/0.0.4/plexus-build-api-0.0.4.jar
7f67dc104000-7f67dc106000 r--s 00009000 00:32 2678                       /home/s0560390/.m2/repository/org/apache/maven/shared/maven-filtering/1.1/maven-filtering-1.1.jar
7f67dc106000-7f67dc10a000 r--s 00033000 00:32 2677                       /home/s0560390/.m2/repository/org/codehaus/plexus/plexus-utils/2.0.5/plexus-utils-2.0.5.jar
7f67dc10a000-7f67dc10d000 r--s 0001b000 00:32 2676                       /home/s0560390/.m2/repository/junit/junit/3.8.1/junit-3.8.1.jar
7f67dc10d000-7f67dc10f000 r--s 00002000 00:32 2664                       /home/s0560390/.m2/repository/org/codehaus/plexus/plexus-interactivity-api/1.0-alpha-4/plexus-interactivity-api-1.0-alpha-4.jar
7f67dc10f000-7f67dc111000 r--s 00006000 00:32 2660                       /home/s0560390/.m2/repository/commons-cli/commons-cli/1.0/commons-cli-1.0.jar
7f67dc111000-7f67dc112000 r--s 00001000 00:32 2653                       /home/s0560390/.m2/repository/org/apache/maven/doxia/doxia-sink-api/1.0-alpha-7/doxia-sink-api-1.0-alpha-7.jar
7f67dc112000-7f67dc113000 r--s 00002000 00:32 2651                       /home/s0560390/.m2/repository/org/apache/maven/reporting/maven-reporting-api/2.0.6/maven-reporting-api-2.0.6.jar
7f67dc113000-7f67dc115000 r--s 00006000 00:32 2383                       /home/s0560390/.m2/repository/org/apache/maven/plugins/maven-resources-plugin/2.6/maven-resources-plugin-2.6.jar
7f67dc115000-7f67dc119000 r--s 00034000 00:32 2778                       /home/s0560390/.m2/repository/org/codehaus/plexus/plexus-utils/3.0/plexus-utils-3.0.jar
7f67dc119000-7f67dc11b000 r--s 00005000 00:32 208339                     /home/s0560390/.m2/repository/org/apache/maven/plugins/maven-clean-plugin/2.5/maven-clean-plugin-2.5.jar
7f67dc11b000-7f67dc31b000 rw-p 00000000 00:00 0 
7f67dc31b000-7f67dc32c000 r-xp 00000000 08:06 14287235                   /usr/lib/jvm/java-8-oracle/jre/lib/amd64/libnio.so
7f67dc32c000-7f67dc52b000 ---p 00011000 08:06 14287235                   /usr/lib/jvm/java-8-oracle/jre/lib/amd64/libnio.so
7f67dc52b000-7f67dc52c000 r--p 00010000 08:06 14287235                   /usr/lib/jvm/java-8-oracle/jre/lib/amd64/libnio.so
7f67dc52c000-7f67dc52d000 rw-p 00011000 08:06 14287235                   /usr/lib/jvm/java-8-oracle/jre/lib/amd64/libnio.so
7f67dc52d000-7f67dc543000 r-xp 00000000 08:06 14287232                   /usr/lib/jvm/java-8-oracle/jre/lib/amd64/libnet.so
7f67dc543000-7f67dc742000 ---p 00016000 08:06 14287232                   /usr/lib/jvm/java-8-oracle/jre/lib/amd64/libnet.so
7f67dc742000-7f67dc743000 r--p 00015000 08:06 14287232                   /usr/lib/jvm/java-8-oracle/jre/lib/amd64/libnet.so
7f67dc743000-7f67dc744000 rw-p 00016000 08:06 14287232                   /usr/lib/jvm/java-8-oracle/jre/lib/amd64/libnet.so
7f67dc744000-7f67dc74e000 r--s 00116000 08:06 13109653                   /usr/lib/jvm/java-8-oracle/jre/lib/ext/localedata.jar
7f67dc74e000-7f67dc753000 r--s 000a0000 08:06 12981978                   /usr/lib/jvm/java-8-oracle/jre/lib/jsse.jar
7f67dc753000-7f67dc953000 rw-p 00000000 00:00 0 
7f67dc953000-7f67dcb53000 rw-p 00000000 00:00 0 
7f67dcb53000-7f67dcd53000 rw-p 00000000 00:00 0 
7f67dcd53000-7f67dcd57000 r--s 0003b000 08:06 12714475                   /usr/share/java/plexus-utils2.jar
7f67dcd57000-7f67dcd65000 r--s 0009a000 08:06 12714459                   /usr/share/java/guice.jar
7f67dcd65000-7f67dcd6a000 r--s 00030000 08:06 12714439                   /usr/share/java/commons-io.jar
7f67dcd6a000-7f67dcd6c000 r--s 00003000 08:06 12714510                   /usr/share/java/jcl-over-slf4j.jar
7f67dcd6c000-7f67dcd6d000 r--s 00000000 08:06 12714414                   /usr/share/java/atinject-jsr330-api-1.0.jar
7f67dcd6d000-7f67dcd7a000 r--s 0008d000 08:06 12714612                   /usr/share/java/maven3-core.jar
7f67dcd7a000-7f67dcd7c000 r--s 0000a000 08:06 12714616                   /usr/share/java/maven3-plugin-api.jar
7f67dcd7c000-7f67dcd80000 r--s 0001f000 08:06 12714479                   /usr/share/java/maven-resolver-api.jar
7f67dcd80000-7f67dcd82000 r--s 00009000 08:06 12714513                   /usr/share/java/slf4j-api.jar
7f67dcd82000-7f67dcd89000 r--s 00042000 08:06 12714611                   /usr/share/java/maven3-compat.jar
7f67dcd89000-7f67dcd8b000 r--s 00006000 08:06 12714508                   /usr/share/java/plexus-sec-dispatcher.jar
7f67dcd8b000-7f67dcd8f000 r--s 00023000 08:06 12714497                   /usr/share/java/maven-shared-utils.jar
7f67dcd8f000-7f67dcd93000 r--s 00028000 08:06 12714481                   /usr/share/java/maven-resolver-impl.jar
7f67dcd93000-7f67dcd95000 r--s 00008000 08:06 12714480                   /usr/share/java/maven-resolver-connector-basic.jar
7f67dcd95000-7f67dcd9d000 r--s 0006d000 08:06 12714441                   /usr/share/java/commons-lang3.jar
7f67dcd9d000-7f67dcda3000 r--s 0002d000 08:06 12714604                   /usr/share/java/sisu-plexus.jar
7f67dcda3000-7f67dcdd0000 r--s 001ce000 08:06 12715663                   /usr/share/java/wagon-http-shaded-3.0.0.jar
7f67dcdd0000-7f67dcdfc000 r--s 00208000 08:06 12714447                   /usr/share/java/guava.jar
7f67dcdfc000-7f67dcdfd000 ---p 00000000 00:00 0 
7f67dcdfd000-7f67dcefd000 rw-p 00000000 00:00 0 
7f67dcefd000-7f67dcf00000 ---p 00000000 00:00 0 
7f67dcf00000-7f67dcffe000 rw-p 00000000 00:00 0 
7f67dcffe000-7f67dcfff000 ---p 00000000 00:00 0 
7f67dcfff000-7f67dd002000 ---p 00000000 00:00 0 
7f67dd002000-7f67dd0ff000 rw-p 00000000 00:00 0 
7f67dd0ff000-7f67dd100000 ---p 00000000 00:00 0 
7f67dd100000-7f67dd103000 ---p 00000000 00:00 0 
7f67dd103000-7f67dd200000 rw-p 00000000 00:00 0 
7f67dd200000-7f67dd201000 ---p 00000000 00:00 0 
7f67dd201000-7f67dd204000 ---p 00000000 00:00 0 
7f67dd204000-7f67dd301000 rw-p 00000000 00:00 0 
7f67dd301000-7f67dd302000 ---p 00000000 00:00 0 
7f67dd302000-7f67dd305000 ---p 00000000 00:00 0 
7f67dd305000-7f67dd402000 rw-p 00000000 00:00 0 
7f67dd402000-7f67dd405000 ---p 00000000 00:00 0 
7f67dd405000-7f67dd503000 rw-p 00000000 00:00 0 
7f67dd503000-7f67dded2000 r--p 00000000 08:06 12327581                   /usr/lib/locale/locale-archive
7f67dded2000-7f67dded5000 ---p 00000000 00:00 0 
7f67dded5000-7f67ddfd3000 rw-p 00000000 00:00 0 
7f67ddfd3000-7f67ddfd6000 ---p 00000000 00:00 0 
7f67ddfd6000-7f67de0d4000 rw-p 00000000 00:00 0 
7f67de0d4000-7f67de0d5000 ---p 00000000 00:00 0 
7f67de0d5000-7f67dfe26000 rw-p 00000000 00:00 0 
7f67dfe26000-7f67e0000000 r--s 03d6c000 08:06 12981973                   /usr/lib/jvm/java-8-oracle/jre/lib/rt.jar
7f67e0000000-7f67e0021000 rw-p 00000000 00:00 0 
7f67e0021000-7f67e4000000 ---p 00000000 00:00 0 
7f67e4000000-7f67e4021000 rw-p 00000000 00:00 0 
7f67e4021000-7f67e8000000 ---p 00000000 00:00 0 
7f67e8000000-7f67e8021000 rw-p 00000000 00:00 0 
7f67e8021000-7f67ec000000 ---p 00000000 00:00 0 
7f67ec000000-7f67ec021000 rw-p 00000000 00:00 0 
7f67ec021000-7f67f0000000 ---p 00000000 00:00 0 
7f67f0000000-7f67f0021000 rw-p 00000000 00:00 0 
7f67f0021000-7f67f4000000 ---p 00000000 00:00 0 
7f67f4000000-7f67f4021000 rw-p 00000000 00:00 0 
7f67f4021000-7f67f8000000 ---p 00000000 00:00 0 
7f67f8000000-7f67f8001000 r--s 00002000 08:06 12714443                   /usr/share/java/geronimo-annotation-1.3-spec.jar
7f67f8001000-7f67f8004000 r--s 00011000 08:06 12714506                   /usr/share/java/plexus-interpolation.jar
7f67f8004000-7f67f8006000 r--s 00005000 08:06 12714486                   /usr/share/java/maven-resolver-transport-wagon.jar
7f67f8006000-7f67f800a000 r--s 00022000 08:06 12714487                   /usr/share/java/maven-resolver-util.jar
7f67f800a000-7f67f800b000 r--s 00002000 08:06 12714610                   /usr/share/java/maven3-builder-support.jar
7f67f800b000-7f67f800c000 r--s 00001000 08:06 12715661                   /usr/share/java/wagon-file.jar
7f67f800c000-7f67f800e000 r--s 00007000 08:06 12714473                   /usr/share/java/jansi.jar
7f67f800e000-7f67f8010000 r--s 00006000 08:06 12714482                   /usr/share/java/maven-resolver-spi.jar
7f67f8010000-7f67f8012000 r--s 00008000 08:06 12714619                   /usr/share/java/maven3-settings-builder.jar
7f67f8012000-7f67f8015000 r--s 00015000 08:06 12714613                   /usr/share/java/maven3-embedder.jar
7f67f8015000-7f67f801c000 r--s 00054000 08:06 12714602                   /usr/share/java/sisu-inject.jar
7f67f801c000-7f67f9000000 rw-p 00000000 00:00 0 
7f67f9000000-7f67f9d90000 rwxp 00000000 00:00 0 
7f67f9d90000-7f6808000000 ---p 00000000 00:00 0 
7f6808000000-7f68095d0000 rw-p 00000000 00:00 0 
7f68095d0000-7f680c000000 ---p 00000000 00:00 0 
7f680c000000-7f680c097000 rw-p 00000000 00:00 0 
7f680c097000-7f680c098000 ---p 00000000 00:00 0 
7f680c098000-7f680c198000 rw-p 00000000 00:00 0 
7f680c198000-7f680c199000 ---p 00000000 00:00 0 
7f680c199000-7f680c299000 rw-p 00000000 00:00 0 
7f680c299000-7f680c29a000 ---p 00000000 00:00 0 
7f680c29a000-7f680c39a000 rw-p 00000000 00:00 0 
7f680c39a000-7f680c39b000 ---p 00000000 00:00 0 
7f680c39b000-7f680c49b000 rw-p 00000000 00:00 0 
7f680c49b000-7f680c49c000 ---p 00000000 00:00 0 
7f680c49c000-7f680c59c000 rw-p 00000000 00:00 0 
7f680c59c000-7f680c59d000 ---p 00000000 00:00 0 
7f680c59d000-7f680c69d000 rw-p 00000000 00:00 0 
7f680c69d000-7f680c69e000 ---p 00000000 00:00 0 
7f680c69e000-7f680c79e000 rw-p 00000000 00:00 0 
7f680c79e000-7f680c79f000 ---p 00000000 00:00 0 
7f680c79f000-7f680c8d4000 rw-p 00000000 00:00 0 
7f680c8d4000-7f680cdcc000 ---p 00000000 00:00 0 
7f680cdcc000-7f680ce01000 rw-p 00000000 00:00 0 
7f680ce01000-7f680d2f8000 ---p 00000000 00:00 0 
7f680d2f8000-7f680d342000 rw-p 00000000 00:00 0 
7f680d342000-7f680d58f000 ---p 00000000 00:00 0 
7f680d58f000-7f680d5c7000 rw-p 00000000 00:00 0 
7f680d5c7000-7f680d950000 ---p 00000000 00:00 0 
7f680d950000-7f680d96a000 r-xp 00000000 08:06 14287228                   /usr/lib/jvm/java-8-oracle/jre/lib/amd64/libzip.so
7f680d96a000-7f680db6a000 ---p 0001a000 08:06 14287228                   /usr/lib/jvm/java-8-oracle/jre/lib/amd64/libzip.so
7f680db6a000-7f680db6b000 r--p 0001a000 08:06 14287228                   /usr/lib/jvm/java-8-oracle/jre/lib/amd64/libzip.so
7f680db6b000-7f680db6c000 rw-p 0001b000 08:06 14287228                   /usr/lib/jvm/java-8-oracle/jre/lib/amd64/libzip.so
7f680db6c000-7f680e371000 r--s 00000000 08:06 4325527                    /var/lib/sss/mc/passwd
7f680e371000-7f680e379000 r-xp 00000000 08:06 17825877                   /lib/x86_64-linux-gnu/libnss_sss.so.2
7f680e379000-7f680e578000 ---p 00008000 08:06 17825877                   /lib/x86_64-linux-gnu/libnss_sss.so.2
7f680e578000-7f680e579000 r--p 00007000 08:06 17825877                   /lib/x86_64-linux-gnu/libnss_sss.so.2
7f680e579000-7f680e57a000 rw-p 00008000 08:06 17825877                   /lib/x86_64-linux-gnu/libnss_sss.so.2
7f680e57a000-7f680e5b6000 r-xp 00000000 08:06 17827057                   /lib/x86_64-linux-gnu/libnss_systemd.so.2
7f680e5b6000-7f680e7b5000 ---p 0003c000 08:06 17827057                   /lib/x86_64-linux-gnu/libnss_systemd.so.2
7f680e7b5000-7f680e7b8000 r--p 0003b000 08:06 17827057                   /lib/x86_64-linux-gnu/libnss_systemd.so.2
7f680e7b8000-7f680e7b9000 rw-p 0003e000 08:06 17827057                   /lib/x86_64-linux-gnu/libnss_systemd.so.2
7f680e7b9000-7f680e7c4000 r-xp 00000000 08:06 17830571                   /lib/x86_64-linux-gnu/libnss_files-2.27.so
7f680e7c4000-7f680e9c3000 ---p 0000b000 08:06 17830571                   /lib/x86_64-linux-gnu/libnss_files-2.27.so
7f680e9c3000-7f680e9c4000 r--p 0000a000 08:06 17830571                   /lib/x86_64-linux-gnu/libnss_files-2.27.so
7f680e9c4000-7f680e9c5000 rw-p 0000b000 08:06 17830571                   /lib/x86_64-linux-gnu/libnss_files-2.27.so
7f680e9c5000-7f680e9cb000 rw-p 00000000 00:00 0 
7f680e9cb000-7f680e9e2000 r-xp 00000000 08:06 17830565                   /lib/x86_64-linux-gnu/libnsl-2.27.so
7f680e9e2000-7f680ebe1000 ---p 00017000 08:06 17830565                   /lib/x86_64-linux-gnu/libnsl-2.27.so
7f680ebe1000-7f680ebe2000 r--p 00016000 08:06 17830565                   /lib/x86_64-linux-gnu/libnsl-2.27.so
7f680ebe2000-7f680ebe3000 rw-p 00017000 08:06 17830565                   /lib/x86_64-linux-gnu/libnsl-2.27.so
7f680ebe3000-7f680ebe5000 rw-p 00000000 00:00 0 
7f680ebe5000-7f680ebf0000 r-xp 00000000 08:06 17830582                   /lib/x86_64-linux-gnu/libnss_nis-2.27.so
7f680ebf0000-7f680edef000 ---p 0000b000 08:06 17830582                   /lib/x86_64-linux-gnu/libnss_nis-2.27.so
7f680edef000-7f680edf0000 r--p 0000a000 08:06 17830582                   /lib/x86_64-linux-gnu/libnss_nis-2.27.so
7f680edf0000-7f680edf1000 rw-p 0000b000 08:06 17830582                   /lib/x86_64-linux-gnu/libnss_nis-2.27.so
7f680edf1000-7f680edf9000 r-xp 00000000 08:06 17830567                   /lib/x86_64-linux-gnu/libnss_compat-2.27.so
7f680edf9000-7f680eff9000 ---p 00008000 08:06 17830567                   /lib/x86_64-linux-gnu/libnss_compat-2.27.so
7f680eff9000-7f680effa000 r--p 00008000 08:06 17830567                   /lib/x86_64-linux-gnu/libnss_compat-2.27.so
7f680effa000-7f680effb000 rw-p 00009000 08:06 17830567                   /lib/x86_64-linux-gnu/libnss_compat-2.27.so
7f680effb000-7f680f028000 r-xp 00000000 08:06 14287222                   /usr/lib/jvm/java-8-oracle/jre/lib/amd64/libjava.so
7f680f028000-7f680f227000 ---p 0002d000 08:06 14287222                   /usr/lib/jvm/java-8-oracle/jre/lib/amd64/libjava.so
7f680f227000-7f680f228000 r--p 0002c000 08:06 14287222                   /usr/lib/jvm/java-8-oracle/jre/lib/amd64/libjava.so
7f680f228000-7f680f22a000 rw-p 0002d000 08:06 14287222                   /usr/lib/jvm/java-8-oracle/jre/lib/amd64/libjava.so
7f680f22a000-7f680f237000 r-xp 00000000 08:06 14287227                   /usr/lib/jvm/java-8-oracle/jre/lib/amd64/libverify.so
7f680f237000-7f680f436000 ---p 0000d000 08:06 14287227                   /usr/lib/jvm/java-8-oracle/jre/lib/amd64/libverify.so
7f680f436000-7f680f438000 r--p 0000c000 08:06 14287227                   /usr/lib/jvm/java-8-oracle/jre/lib/amd64/libverify.so
7f680f438000-7f680f439000 rw-p 0000e000 08:06 14287227                   /usr/lib/jvm/java-8-oracle/jre/lib/amd64/libverify.so
7f680f439000-7f680f440000 r-xp 00000000 08:06 17830622                   /lib/x86_64-linux-gnu/librt-2.27.so
7f680f440000-7f680f63f000 ---p 00007000 08:06 17830622                   /lib/x86_64-linux-gnu/librt-2.27.so
7f680f63f000-7f680f640000 r--p 00006000 08:06 17830622                   /lib/x86_64-linux-gnu/librt-2.27.so
7f680f640000-7f680f641000 rw-p 00007000 08:06 17830622                   /lib/x86_64-linux-gnu/librt-2.27.so
7f680f641000-7f680f7de000 r-xp 00000000 08:06 17830544                   /lib/x86_64-linux-gnu/libm-2.27.so
7f680f7de000-7f680f9dd000 ---p 0019d000 08:06 17830544                   /lib/x86_64-linux-gnu/libm-2.27.so
7f680f9dd000-7f680f9de000 r--p 0019c000 08:06 17830544                   /lib/x86_64-linux-gnu/libm-2.27.so
7f680f9de000-7f680f9df000 rw-p 0019d000 08:06 17830544                   /lib/x86_64-linux-gnu/libm-2.27.so
7f680f9df000-7f68106c1000 r-xp 00000000 08:06 14287204                   /usr/lib/jvm/java-8-oracle/jre/lib/amd64/server/libjvm.so
7f68106c1000-7f68108c1000 ---p 00ce2000 08:06 14287204                   /usr/lib/jvm/java-8-oracle/jre/lib/amd64/server/libjvm.so
7f68108c1000-7f6810957000 r--p 00ce2000 08:06 14287204                   /usr/lib/jvm/java-8-oracle/jre/lib/amd64/server/libjvm.so
7f6810957000-7f6810988000 rw-p 00d78000 08:06 14287204                   /usr/lib/jvm/java-8-oracle/jre/lib/amd64/server/libjvm.so
7f6810988000-7f68109c3000 rw-p 00000000 00:00 0 
7f68109c3000-7f6810baa000 r-xp 00000000 08:06 17830481                   /lib/x86_64-linux-gnu/libc-2.27.so
7f6810baa000-7f6810daa000 ---p 001e7000 08:06 17830481                   /lib/x86_64-linux-gnu/libc-2.27.so
7f6810daa000-7f6810dae000 r--p 001e7000 08:06 17830481                   /lib/x86_64-linux-gnu/libc-2.27.so
7f6810dae000-7f6810db0000 rw-p 001eb000 08:06 17830481                   /lib/x86_64-linux-gnu/libc-2.27.so
7f6810db0000-7f6810db4000 rw-p 00000000 00:00 0 
7f6810db4000-7f6810db7000 r-xp 00000000 08:06 17830504                   /lib/x86_64-linux-gnu/libdl-2.27.so
7f6810db7000-7f6810fb6000 ---p 00003000 08:06 17830504                   /lib/x86_64-linux-gnu/libdl-2.27.so
7f6810fb6000-7f6810fb7000 r--p 00002000 08:06 17830504                   /lib/x86_64-linux-gnu/libdl-2.27.so
7f6810fb7000-7f6810fb8000 rw-p 00003000 08:06 17830504                   /lib/x86_64-linux-gnu/libdl-2.27.so
7f6810fb8000-7f6810fcf000 r-xp 00000000 08:06 12716401                   /usr/lib/jvm/java-8-oracle/lib/amd64/jli/libjli.so
7f6810fcf000-7f68111ce000 ---p 00017000 08:06 12716401                   /usr/lib/jvm/java-8-oracle/lib/amd64/jli/libjli.so
7f68111ce000-7f68111cf000 r--p 00016000 08:06 12716401                   /usr/lib/jvm/java-8-oracle/lib/amd64/jli/libjli.so
7f68111cf000-7f68111d0000 rw-p 00017000 08:06 12716401                   /usr/lib/jvm/java-8-oracle/lib/amd64/jli/libjli.so
7f68111d0000-7f68111ea000 r-xp 00000000 08:06 17830614                   /lib/x86_64-linux-gnu/libpthread-2.27.so
7f68111ea000-7f68113e9000 ---p 0001a000 08:06 17830614                   /lib/x86_64-linux-gnu/libpthread-2.27.so
7f68113e9000-7f68113ea000 r--p 00019000 08:06 17830614                   /lib/x86_64-linux-gnu/libpthread-2.27.so
7f68113ea000-7f68113eb000 rw-p 0001a000 08:06 17830614                   /lib/x86_64-linux-gnu/libpthread-2.27.so
7f68113eb000-7f68113ef000 rw-p 00000000 00:00 0 
7f68113ef000-7f6811416000 r-xp 00000000 08:06 17830453                   /lib/x86_64-linux-gnu/ld-2.27.so
7f6811416000-7f6811417000 r--s 0000a000 08:06 12714620                   /usr/share/java/maven3-settings.jar
7f6811417000-7f6811419000 r--s 0000a000 08:06 12714437                   /usr/share/java/commons-cli.jar
7f6811419000-7f681141a000 r--s 00006000 08:06 12714617                   /usr/share/java/maven3-repository-metadata.jar
7f681141a000-7f681141c000 r--s 00001000 08:06 12714449                   /usr/share/java/aopalliance-1.0.jar
7f681141c000-7f681141f000 r--s 00027000 08:06 12714615                   /usr/share/java/maven3-model.jar
7f681141f000-7f6811421000 r--s 00000000 08:06 12714503                   /usr/share/java/plexus-component-annotations.jar
7f6811421000-7f6811422000 r--s 00001000 08:06 12714429                   /usr/share/java/geronimo-interceptor-3.0-spec.jar
7f6811422000-7f68114f3000 rw-p 00000000 00:00 0 
7f68114f3000-7f68114f4000 ---p 00000000 00:00 0 
7f68114f4000-7f68114f7000 ---p 00000000 00:00 0 
7f68114f7000-7f68115f8000 rw-p 00000000 00:00 0 
7f68115f8000-7f68115f9000 r--s 00000000 08:06 12714414                   /usr/share/java/atinject-jsr330-api-1.0.jar
7f68115f9000-7f68115fc000 r--s 0000e000 08:06 12714434                   /usr/share/java/cdi-api.jar
7f68115fc000-7f68115fd000 r--s 00004000 08:06 12714621                   /usr/share/java/maven3-slf4j-provider.jar
7f68115fd000-7f68115ff000 r--s 0000b000 08:06 12714477                   /usr/share/java/wagon-provider-api.jar
7f68115ff000-7f6811601000 r--s 0000e000 08:06 12714618                   /usr/share/java/maven3-resolver-provider.jar
7f6811601000-7f6811602000 r--s 00003000 08:06 12714499                   /usr/share/java/plexus-cipher.jar
7f6811602000-7f6811605000 r--s 0000a000 08:06 12714609                   /usr/share/java/maven3-artifact.jar
7f6811605000-7f681160a000 r--s 00026000 08:06 12714614                   /usr/share/java/maven3-model-builder.jar
7f681160a000-7f681160c000 r--s 0000b000 08:06 12714501                   /usr/share/java/plexus-classworlds.jar
7f681160c000-7f6811614000 rw-s 00000000 08:06 14944320                   /tmp/hsperfdata_s0560390/23097
7f6811614000-7f6811615000 rw-p 00000000 00:00 0 
7f6811615000-7f6811616000 ---p 00000000 00:00 0 
7f6811616000-7f6811617000 r--p 00027000 08:06 17830453                   /lib/x86_64-linux-gnu/ld-2.27.so
7f6811617000-7f6811618000 rw-p 00028000 08:06 17830453                   /lib/x86_64-linux-gnu/ld-2.27.so
7f6811618000-7f6811619000 rw-p 00000000 00:00 0 
7fff7a0d2000-7fff7a0f3000 rw-p 00000000 00:00 0                          [stack]
7fff7a119000-7fff7a11c000 r--p 00000000 00:00 0                          [vvar]
7fff7a11c000-7fff7a11e000 r-xp 00000000 00:00 0                          [vdso]
ffffffffff600000-ffffffffff601000 r-xp 00000000 00:00 0                  [vsyscall]

VM Arguments:
jvm_args: -Dclassworlds.conf=/usr/share/maven/bin/m2.conf -Dmaven.home=/usr/share/maven -Dlibrary.jansi.path=/usr/share/maven/lib/jansi-native -Dmaven.multiModuleProjectDirectory=/home/s0560390/Dokumente/Beleg4_PUT/KBEWiSe18/songsRX 
java_command: org.codehaus.plexus.classworlds.launcher.Launcher clean package
java_class_path (initial): /usr/share/maven/boot/plexus-classworlds-2.x.jar
Launcher Type: SUN_STANDARD

Environment Variables:
JAVA_HOME=/usr/lib/jvm/java-8-oracle
PATH=/usr/local/sbin:/usr/local/bin:/usr/sbin:/usr/bin:/sbin:/bin:/usr/games:/usr/local/games:/snap/bin:/usr/lib/jvm/java-8-oracle/bin:/usr/lib/jvm/java-8-oracle/db/bin:/usr/lib/jvm/java-8-oracle/jre/bin:/home/s0560390/.rvm/bin:/home/s0560390/.rvm/bin
USERNAME=s0560390
SHELL=/bin/bash
DISPLAY=:0

Signal Handlers:
SIGSEGV: [libjvm.so+0xaced60], sa_mask[0]=11111111011111111101111111111110, sa_flags=SA_RESTART|SA_SIGINFO
SIGBUS: [libjvm.so+0xaced60], sa_mask[0]=11111111011111111101111111111110, sa_flags=SA_RESTART|SA_SIGINFO
SIGFPE: [libjvm.so+0x907ca0], sa_mask[0]=11111111011111111101111111111110, sa_flags=SA_RESTART|SA_SIGINFO
SIGPIPE: [libjvm.so+0x907ca0], sa_mask[0]=11111111011111111101111111111110, sa_flags=SA_RESTART|SA_SIGINFO
SIGXFSZ: [libjvm.so+0x907ca0], sa_mask[0]=11111111011111111101111111111110, sa_flags=SA_RESTART|SA_SIGINFO
SIGILL: [libjvm.so+0x907ca0], sa_mask[0]=11111111011111111101111111111110, sa_flags=SA_RESTART|SA_SIGINFO
SIGUSR1: SIG_DFL, sa_mask[0]=00000000000000000000000000000000, sa_flags=none
SIGUSR2: [libjvm.so+0x907b70], sa_mask[0]=00000000000000000000000000000000, sa_flags=SA_RESTART|SA_SIGINFO
SIGHUP: [libjvm.so+0x908190], sa_mask[0]=11111111011111111101111111111110, sa_flags=SA_RESTART|SA_SIGINFO
SIGINT: [libjvm.so+0x908190], sa_mask[0]=11111111011111111101111111111110, sa_flags=SA_RESTART|SA_SIGINFO
SIGTERM: [libjvm.so+0x908190], sa_mask[0]=11111111011111111101111111111110, sa_flags=SA_RESTART|SA_SIGINFO
SIGQUIT: [libjvm.so+0x908190], sa_mask[0]=11111111011111111101111111111110, sa_flags=SA_RESTART|SA_SIGINFO


---------------  S Y S T E M  ---------------

OS:DISTRIB_ID=Ubuntu
DISTRIB_RELEASE=18.04
DISTRIB_CODENAME=bionic
DISTRIB_DESCRIPTION="Ubuntu 18.04.1 LTS"

uname:Linux 4.15.0-43-generic #46-Ubuntu SMP Thu Dec 6 14:45:28 UTC 2018 x86_64
libc:glibc 2.27 NPTL 2.27 
rlimit: STACK 8192k, CORE 0k, NPROC 63341, NOFILE 4096, AS infinity
load average:2,22 1,46 1,22

/proc/meminfo:
MemTotal:       16276032 kB
MemFree:          143240 kB
MemAvailable:       3356 kB
Buffers:             428 kB
Cached:           340972 kB
SwapCached:         3640 kB
Active:         14424856 kB
Inactive:        1318744 kB
Active(anon):   14422528 kB
Inactive(anon):  1310816 kB
Active(file):       2328 kB
Inactive(file):     7928 kB
Unevictable:         132 kB
Mlocked:             132 kB
SwapTotal:       2097148 kB
SwapFree:              0 kB
Dirty:               260 kB
Writeback:             0 kB
AnonPages:      15399676 kB
Mapped:           211320 kB
Shmem:            330480 kB
Slab:             132908 kB
SReclaimable:      46184 kB
SUnreclaim:        86724 kB
KernelStack:       34320 kB
PageTables:       130840 kB
NFS_Unstable:          0 kB
Bounce:                0 kB
WritebackTmp:          0 kB
CommitLimit:    10235164 kB
Committed_AS:   34353620 kB
VmallocTotal:   34359738367 kB
VmallocUsed:           0 kB
VmallocChunk:          0 kB
HardwareCorrupted:     0 kB
AnonHugePages:         0 kB
ShmemHugePages:        0 kB
ShmemPmdMapped:        0 kB
CmaTotal:              0 kB
CmaFree:               0 kB
HugePages_Total:       0
HugePages_Free:        0
HugePages_Rsvd:        0
HugePages_Surp:        0
Hugepagesize:       2048 kB
DirectMap4k:      280788 kB
DirectMap2M:    11104256 kB
DirectMap1G:     5242880 kB

container (cgroup) information:
container_type: cgroupv1
cpu_cpuset_cpus: 0-7
cpu_memory_nodes: 0
active_processor_count: 8
cpu_quota: -1
cpu_period: 100000
cpu_shares: -1
memory_limit_in_bytes: -1
memory_and_swap_limit_in_bytes: -2
memory_soft_limit_in_bytes: -1
memory_usage_in_bytes: 16126484480
memory_max_usage_in_bytes: 0


CPU:total 8 (initial active 8) (4 cores per cpu, 2 threads per core) family 6 model 94 stepping 3, cmov, cx8, fxsr, mmx, sse, sse2, sse3, ssse3, sse4.1, sse4.2, popcnt, avx, avx2, aes, clmul, erms, rtm, 3dnowpref, lzcnt, ht, tsc, tscinvbit, bmi1, bmi2, adx

/proc/cpuinfo:
processor	: 0
vendor_id	: GenuineIntel
cpu family	: 6
model		: 94
model name	: Intel(R) Core(TM) i7-6700 CPU @ 3.40GHz
stepping	: 3
microcode	: 0xc6
cpu MHz		: 3660.801
cache size	: 8192 KB
physical id	: 0
siblings	: 8
core id		: 0
cpu cores	: 4
apicid		: 0
initial apicid	: 0
fpu		: yes
fpu_exception	: yes
cpuid level	: 22
wp		: yes
flags		: fpu vme de pse tsc msr pae mce cx8 apic sep mtrr pge mca cmov pat pse36 clflush dts acpi mmx fxsr sse sse2 ss ht tm pbe syscall nx pdpe1gb rdtscp lm constant_tsc art arch_perfmon pebs bts rep_good nopl xtopology nonstop_tsc cpuid aperfmperf tsc_known_freq pni pclmulqdq dtes64 monitor ds_cpl vmx smx est tm2 ssse3 sdbg fma cx16 xtpr pdcm pcid sse4_1 sse4_2 x2apic movbe popcnt tsc_deadline_timer aes xsave avx f16c rdrand lahf_lm abm 3dnowprefetch cpuid_fault epb invpcid_single pti ssbd ibrs ibpb stibp tpr_shadow vnmi flexpriority ept vpid fsgsbase tsc_adjust bmi1 hle avx2 smep bmi2 erms invpcid rtm mpx rdseed adx smap clflushopt intel_pt xsaveopt xsavec xgetbv1 xsaves dtherm ida arat pln pts hwp hwp_notify hwp_act_window hwp_epp flush_l1d
bugs		: cpu_meltdown spectre_v1 spectre_v2 spec_store_bypass l1tf
bogomips	: 6816.00
clflush size	: 64
cache_alignment	: 64
address sizes	: 39 bits physical, 48 bits virtual
power management:

processor	: 1
vendor_id	: GenuineIntel
cpu family	: 6
model		: 94
model name	: Intel(R) Core(TM) i7-6700 CPU @ 3.40GHz
stepping	: 3
microcode	: 0xc6
cpu MHz		: 3699.992
cache size	: 8192 KB
physical id	: 0
siblings	: 8
core id		: 1
cpu cores	: 4
apicid		: 2
initial apicid	: 2
fpu		: yes
fpu_exception	: yes
cpuid level	: 22
wp		: yes
flags		: fpu vme de pse tsc msr pae mce cx8 apic sep mtrr pge mca cmov pat pse36 clflush dts acpi mmx fxsr sse sse2 ss ht tm pbe syscall nx pdpe1gb rdtscp lm constant_tsc art arch_perfmon pebs bts rep_good nopl xtopology nonstop_tsc cpuid aperfmperf tsc_known_freq pni pclmulqdq dtes64 monitor ds_cpl vmx smx est tm2 ssse3 sdbg fma cx16 xtpr pdcm pcid sse4_1 sse4_2 x2apic movbe popcnt tsc_deadline_timer aes xsave avx f16c rdrand lahf_lm abm 3dnowprefetch cpuid_fault epb invpcid_single pti ssbd ibrs ibpb stibp tpr_shadow vnmi flexpriority ept vpid fsgsbase tsc_adjust bmi1 hle avx2 smep bmi2 erms invpcid rtm mpx rdseed adx smap clflushopt intel_pt xsaveopt xsavec xgetbv1 xsaves dtherm ida arat pln pts hwp hwp_notify hwp_act_window hwp_epp flush_l1d
bugs		: cpu_meltdown spectre_v1 spectre_v2 spec_store_bypass l1tf
bogomips	: 6816.00
clflush size	: 64
cache_alignment	: 64
address sizes	: 39 bits physical, 48 bits virtual
power management:

processor	: 2
vendor_id	: GenuineIntel
cpu family	: 6
model		: 94
model name	: Intel(R) Core(TM) i7-6700 CPU @ 3.40GHz
stepping	: 3
microcode	: 0xc6
cpu MHz		: 3699.988
cache size	: 8192 KB
physical id	: 0
siblings	: 8
core id		: 2
cpu cores	: 4
apicid		: 4
initial apicid	: 4
fpu		: yes
fpu_exception	: yes
cpuid level	: 22
wp		: yes
flags		: fpu vme de pse tsc msr pae mce cx8 apic sep mtrr pge mca cmov pat pse36 clflush dts acpi mmx fxsr sse sse2 ss ht tm pbe syscall nx pdpe1gb rdtscp lm constant_tsc art arch_perfmon pebs bts rep_good nopl xtopology nonstop_tsc cpuid aperfmperf tsc_known_freq pni pclmulqdq dtes64 monitor ds_cpl vmx smx est tm2 ssse3 sdbg fma cx16 xtpr pdcm pcid sse4_1 sse4_2 x2apic movbe popcnt tsc_deadline_timer aes xsave avx f16c rdrand lahf_lm abm 3dnowprefetch cpuid_fault epb invpcid_single pti ssbd ibrs ibpb stibp tpr_shadow vnmi flexpriority ept vpid fsgsbase tsc_adjust bmi1 hle avx2 smep bmi2 erms invpcid rtm mpx rdseed adx smap clflushopt intel_pt xsaveopt xsavec xgetbv1 xsaves dtherm ida arat pln pts hwp hwp_notify hwp_act_window hwp_epp flush_l1d
bugs		: cpu_meltdown spectre_v1 spectre_v2 spec_store_bypass l1tf
bogomips	: 6816.00
clflush size	: 64
cache_alignment	: 64
address sizes	: 39 bits physical, 48 bits virtual
power management:

processor	: 3
vendor_id	: GenuineIntel
cpu family	: 6
model		: 94
model name	: Intel(R) Core(TM) i7-6700 CPU @ 3.40GHz
stepping	: 3
microcode	: 0xc6
cpu MHz		: 3700.018
cache size	: 8192 KB
physical id	: 0
siblings	: 8
core id		: 3
cpu cores	: 4
apicid		: 6
initial apicid	: 6
fpu		: yes
fpu_exception	: yes
cpuid level	: 22
wp		: yes
flags		: fpu vme de pse tsc msr pae mce cx8 apic sep mtrr pge mca cmov pat pse36 clflush dts acpi mmx fxsr sse sse2 ss ht tm pbe syscall nx pdpe1gb rdtscp lm constant_tsc art arch_perfmon pebs bts rep_good nopl xtopology nonstop_tsc cpuid aperfmperf tsc_known_freq pni pclmulqdq dtes64 monitor ds_cpl vmx smx est tm2 ssse3 sdbg fma cx16 xtpr pdcm pcid sse4_1 sse4_2 x2apic movbe popcnt tsc_deadline_timer aes xsave avx f16c rdrand lahf_lm abm 3dnowprefetch cpuid_fault epb invpcid_single pti ssbd ibrs ibpb stibp tpr_shadow vnmi flexpriority ept vpid fsgsbase tsc_adjust bmi1 hle avx2 smep bmi2 erms invpcid rtm mpx rdseed adx smap clflushopt intel_pt xsaveopt xsavec xgetbv1 xsaves dtherm ida arat pln pts hwp hwp_notify hwp_act_window hwp_epp flush_l1d
bugs		: cpu_meltdown spectre_v1 spectre_v2 spec_store_bypass l1tf
bogomips	: 6816.00
clflush size	: 64
cache_alignment	: 64
address sizes	: 39 bits physical, 48 bits virtual
power management:

processor	: 4
vendor_id	: GenuineIntel
cpu family	: 6
model		: 94
model name	: Intel(R) Core(TM) i7-6700 CPU @ 3.40GHz
stepping	: 3
microcode	: 0xc6
cpu MHz		: 3593.268
cache size	: 8192 KB
physical id	: 0
siblings	: 8
core id		: 0
cpu cores	: 4
apicid		: 1
initial apicid	: 1
fpu		: yes
fpu_exception	: yes
cpuid level	: 22
wp		: yes
flags		: fpu vme de pse tsc msr pae mce cx8 apic sep mtrr pge mca cmov pat pse36 clflush dts acpi mmx fxsr sse sse2 ss ht tm pbe syscall nx pdpe1gb rdtscp lm constant_tsc art arch_perfmon pebs bts rep_good nopl xtopology nonstop_tsc cpuid aperfmperf tsc_known_freq pni pclmulqdq dtes64 monitor ds_cpl vmx smx est tm2 ssse3 sdbg fma cx16 xtpr pdcm pcid sse4_1 sse4_2 x2apic movbe popcnt tsc_deadline_timer aes xsave avx f16c rdrand lahf_lm abm 3dnowprefetch cpuid_fault epb invpcid_single pti ssbd ibrs ibpb stibp tpr_shadow vnmi flexpriority ept vpid fsgsbase tsc_adjust bmi1 hle avx2 smep bmi2 erms invpcid rtm mpx rdseed adx smap clflushopt intel_pt xsaveopt xsavec xgetbv1 xsaves dtherm ida arat pln pts hwp hwp_notify hwp_act_window hwp_epp flush_l1d
bugs		: cpu_meltdown spectre_v1 spectre_v2 spec_store_bypass l1tf
bogomips	: 6816.00
clflush size	: 64
cache_alignment	: 64
address sizes	: 39 bits physical, 48 bits virtual
power management:

processor	: 5
vendor_id	: GenuineIntel
cpu family	: 6
model		: 94
model name	: Intel(R) Core(TM) i7-6700 CPU @ 3.40GHz
stepping	: 3
microcode	: 0xc6
cpu MHz		: 3649.361
cache size	: 8192 KB
physical id	: 0
siblings	: 8
core id		: 1
cpu cores	: 4
apicid		: 3
initial apicid	: 3
fpu		: yes
fpu_exception	: yes
cpuid level	: 22
wp		: yes
flags		: fpu vme de pse tsc msr pae mce cx8 apic sep mtrr pge mca cmov pat pse36 clflush dts acpi mmx fxsr sse sse2 ss ht tm pbe syscall nx pdpe1gb rdtscp lm constant_tsc art arch_perfmon pebs bts rep_good nopl xtopology nonstop_tsc cpuid aperfmperf tsc_known_freq pni pclmulqdq dtes64 monitor ds_cpl vmx smx est tm2 ssse3 sdbg fma cx16 xtpr pdcm pcid sse4_1 sse4_2 x2apic movbe popcnt tsc_deadline_timer aes xsave avx f16c rdrand lahf_lm abm 3dnowprefetch cpuid_fault epb invpcid_single pti ssbd ibrs ibpb stibp tpr_shadow vnmi flexpriority ept vpid fsgsbase tsc_adjust bmi1 hle avx2 smep bmi2 erms invpcid rtm mpx rdseed adx smap clflushopt intel_pt xsaveopt xsavec xgetbv1 xsaves dtherm ida arat pln pts hwp hwp_notify hwp_act_window hwp_epp flush_l1d
bugs		: cpu_meltdown spectre_v1 spectre_v2 spec_store_bypass l1tf
bogomips	: 6816.00
clflush size	: 64
cache_alignment	: 64
address sizes	: 39 bits physical, 48 bits virtual
power management:

processor	: 6
vendor_id	: GenuineIntel
cpu family	: 6
model		: 94
model name	: Intel(R) Core(TM) i7-6700 CPU @ 3.40GHz
stepping	: 3
microcode	: 0xc6
cpu MHz		: 3598.886
cache size	: 8192 KB
physical id	: 0
siblings	: 8
core id		: 2
cpu cores	: 4
apicid		: 5
initial apicid	: 5
fpu		: yes
fpu_exception	: yes
cpuid level	: 22
wp		: yes
flags		: fpu vme de pse tsc msr pae mce cx8 apic sep mtrr pge mca cmov pat pse36 clflush dts acpi mmx fxsr sse sse2 ss ht tm pbe syscall nx pdpe1gb rdtscp lm constant_tsc art arch_perfmon pebs bts rep_good nopl xtopology nonstop_tsc cpuid aperfmperf tsc_known_freq pni pclmulqdq dtes64 monitor ds_cpl vmx smx est tm2 ssse3 sdbg fma cx16 xtpr pdcm pcid sse4_1 sse4_2 x2apic movbe popcnt tsc_deadline_timer aes xsave avx f16c rdrand lahf_lm abm 3dnowprefetch cpuid_fault epb invpcid_single pti ssbd ibrs ibpb stibp tpr_shadow vnmi flexpriority ept vpid fsgsbase tsc_adjust bmi1 hle avx2 smep bmi2 erms invpcid rtm mpx rdseed adx smap clflushopt intel_pt xsaveopt xsavec xgetbv1 xsaves dtherm ida arat pln pts hwp hwp_notify hwp_act_window hwp_epp flush_l1d
bugs		: cpu_meltdown spectre_v1 spectre_v2 spec_store_bypass l1tf
bogomips	: 6816.00
clflush size	: 64
cache_alignment	: 64
address sizes	: 39 bits physical, 48 bits virtual
power management:

processor	: 7
vendor_id	: GenuineIntel
cpu family	: 6
model		: 94
model name	: Intel(R) Core(TM) i7-6700 CPU @ 3.40GHz
stepping	: 3
microcode	: 0xc6
cpu MHz		: 3699.959
cache size	: 8192 KB
physical id	: 0
siblings	: 8
core id		: 3
cpu cores	: 4
apicid		: 7
initial apicid	: 7
fpu		: yes
fpu_exception	: yes
cpuid level	: 22
wp		: yes
flags		: fpu vme de pse tsc msr pae mce cx8 apic sep mtrr pge mca cmov pat pse36 clflush dts acpi mmx fxsr sse sse2 ss ht tm pbe syscall nx pdpe1gb rdtscp lm constant_tsc art arch_perfmon pebs bts rep_good nopl xtopology nonstop_tsc cpuid aperfmperf tsc_known_freq pni pclmulqdq dtes64 monitor ds_cpl vmx smx est tm2 ssse3 sdbg fma cx16 xtpr pdcm pcid sse4_1 sse4_2 x2apic movbe popcnt tsc_deadline_timer aes xsave avx f16c rdrand lahf_lm abm 3dnowprefetch cpuid_fault epb invpcid_single pti ssbd ibrs ibpb stibp tpr_shadow vnmi flexpriority ept vpid fsgsbase tsc_adjust bmi1 hle avx2 smep bmi2 erms invpcid rtm mpx rdseed adx smap clflushopt intel_pt xsaveopt xsavec xgetbv1 xsaves dtherm ida arat pln pts hwp hwp_notify hwp_act_window hwp_epp flush_l1d
bugs		: cpu_meltdown spectre_v1 spectre_v2 spec_store_bypass l1tf
bogomips	: 6816.00
clflush size	: 64
cache_alignment	: 64
address sizes	: 39 bits physical, 48 bits virtual
power management:



Memory: 4k page, physical 16276032k(134348k free), swap 2097148k(0k free)

vm_info: Java HotSpot(TM) 64-Bit Server VM (25.191-b12) for linux-amd64 JRE (1.8.0_191-b12), built on Oct  6 2018 05:43:09 by "java_re" with gcc 7.3.0

time: Wed Jan 16 20:34:21 2019
elapsed time: 16 seconds (0d 0h 0m 16s)

